[Meta]
start_time = 1527752146.292334
uid = pl2.uni-rostock.de
test = writer
rounds = 50
outliers = 2
file_size = 524288

[Times]

[Times_write]
run0 = 0.32456040382385254
run1 = 0.3197598457336426
run2 = 0.323047399520874
run3 = 0.31940627098083496
run4 = 0.39859795570373535
run5 = 0.34447765350341797
run6 = 0.3216087818145752
run7 = 0.3994145393371582
run8 = 0.33921146392822266
run9 = 0.3190007209777832
run10 = 0.368546724319458
run11 = 0.3258976936340332
run12 = 0.38245487213134766
run13 = 0.32297372817993164
run14 = 0.32292914390563965
run15 = 0.40515708923339844
run16 = 0.32221055030822754
run17 = 0.34221911430358887
run18 = 0.3225882053375244
run19 = 0.3435182571411133
run20 = 0.37958645820617676
run21 = 0.388974666595459
run22 = 0.35529446601867676
run23 = 0.3231050968170166
run24 = 0.32279300689697266
run25 = 0.32469773292541504
run26 = 0.3574485778808594
run27 = 0.3220229148864746
run28 = 0.32038259506225586
run29 = 0.32256197929382324
run30 = 0.34253573417663574
run31 = 0.3229358196258545
run32 = 0.3236241340637207
run33 = 0.3258373737335205
run34 = 0.37319207191467285
run35 = 0.3789238929748535
run36 = 0.3080935478210449
run37 = 0.38514018058776855
run38 = 0.34278345108032227
run39 = 0.32300662994384766
run40 = 0.31885719299316406
run41 = 0.32044363021850586
run42 = 0.32146644592285156
run43 = 0.32245779037475586
run44 = 0.3407437801361084
run45 = 0.29700183868408203
run46 = 0.319011926651001
run47 = 0.3227217197418213
run48 = 0.32309985160827637
run49 = 0.3437638282775879

[Times_read]
run0 = 0.26041126251220703
run1 = 0.2571394443511963
run2 = 0.2540106773376465
run3 = 0.3399219512939453
run4 = 0.2590949535369873
run5 = 0.35030245780944824
run6 = 0.3425443172454834
run7 = 0.26555418968200684
run8 = 0.2572150230407715
run9 = 0.2588536739349365
run10 = 0.26054859161376953
run11 = 0.23704242706298828
run12 = 0.2559041976928711
run13 = 0.25736284255981445
run14 = 0.2570059299468994
run15 = 0.25905847549438477
run16 = 0.2573835849761963
run17 = 0.25736570358276367
run18 = 0.23623323440551758
run19 = 0.25678586959838867
run20 = 0.2591063976287842
run21 = 0.26180386543273926
run22 = 0.2574796676635742
run23 = 0.2580113410949707
run24 = 0.2573719024658203
run25 = 0.25722718238830566
run26 = 0.25727033615112305
run27 = 0.2584116458892822
run28 = 0.25723719596862793
run29 = 0.23656678199768066
run30 = 0.2572619915008545
run31 = 0.25908589363098145
run32 = 0.2554633617401123
run33 = 0.2573094367980957
run34 = 0.3001983165740967
run35 = 0.2570652961730957
run36 = 0.30986690521240234
run37 = 0.2591731548309326
run38 = 0.25884294509887695
run39 = 0.2591848373413086
run40 = 0.257199764251709
run41 = 0.2571570873260498
run42 = 0.258709192276001
run43 = 0.2590608596801758
run44 = 0.2588949203491211
run45 = 0.25736331939697266
run46 = 0.25896501541137695
run47 = 0.25701212882995605
run48 = 0.2569277286529541
run49 = 0.25745439529418945

[Average_write]
average = 0.33880177497863767
average_no_outliers = 0.33829020460446674

[Average_read]
average = 0.2638484334945679
average_no_outliers = 0.2626226246356964

