[Meta]
start_time = 1527764402.6824193
uid = pl2.uni-rostock.de
test = file size
rounds = 50
outliers = 2
file_size = 512 K

[Times_write]
run0 = 0.5275819301605225
run1 = 0.45652055740356445
run2 = 0.47841525077819824
run3 = 0.4581010341644287
run4 = 0.4742748737335205
run5 = 0.49648118019104004
run6 = 0.488847017288208
run7 = 0.4571042060852051
run8 = 0.4577019214630127
run9 = 0.45902442932128906
run10 = 0.47777748107910156
run11 = 0.46930956840515137
run12 = 0.4610135555267334
run13 = 0.5490090847015381
run14 = 0.4827616214752197
run15 = 0.45590662956237793
run16 = 0.4936974048614502
run17 = 0.48285913467407227
run18 = 0.46556520462036133
run19 = 0.4787416458129883
run20 = 0.4780137538909912
run21 = 0.45894789695739746
run22 = 0.4645524024963379
run23 = 0.47211337089538574
run24 = 0.487776517868042
run25 = 0.48628997802734375
run26 = 0.49814319610595703
run27 = 0.4655039310455322
run28 = 0.525536298751831
run29 = 0.4687836170196533
run30 = 0.5169496536254883
run31 = 0.46544671058654785
run32 = 0.45465588569641113
run33 = 0.5234463214874268
run34 = 0.4681990146636963
run35 = 0.4982750415802002
run36 = 0.4611630439758301
run37 = 0.47353339195251465
run38 = 0.48014330863952637
run39 = 0.4909346103668213
run40 = 0.48952603340148926
run41 = 0.46962594985961914
run42 = 0.5203564167022705
run43 = 0.45957446098327637
run44 = 0.46259546279907227
run45 = 0.6472125053405762
run46 = 0.4701509475708008
run47 = 0.4605231285095215
run48 = 0.4691798686981201
run49 = 0.4702756404876709

[Times_read]
run0 = 0.33094286918640137
run1 = 0.2734801769256592
run2 = 0.2626349925994873
run3 = 0.26106715202331543
run4 = 0.26303839683532715
run5 = 0.2631492614746094
run6 = 0.26084256172180176
run7 = 0.26282405853271484
run8 = 0.26551389694213867
run9 = 0.2706584930419922
run10 = 0.2627263069152832
run11 = 0.261035680770874
run12 = 0.28336453437805176
run13 = 0.26520204544067383
run14 = 0.29368090629577637
run15 = 0.2994353771209717
run16 = 0.2747063636779785
run17 = 0.284503698348999
run18 = 0.26217055320739746
run19 = 0.2611548900604248
run20 = 0.29407286643981934
run21 = 0.25871992111206055
run22 = 0.2634456157684326
run23 = 0.29217076301574707
run24 = 0.26802659034729004
run25 = 0.2608449459075928
run26 = 0.2654082775115967
run27 = 0.2611246109008789
run28 = 0.2641420364379883
run29 = 0.2597513198852539
run30 = 0.2614872455596924
run31 = 0.26740336418151855
run32 = 0.2643547058105469
run33 = 0.25655317306518555
run34 = 0.3691446781158447
run35 = 0.26081061363220215
run36 = 0.2617979049682617
run37 = 0.2600705623626709
run38 = 0.2624080181121826
run39 = 0.3183469772338867
run40 = 0.29494786262512207
run41 = 0.26375889778137207
run42 = 0.2596244812011719
run43 = 0.2597317695617676
run44 = 0.25830554962158203
run45 = 0.24872064590454102
run46 = 0.25983619689941406
run47 = 0.26084017753601074
run48 = 0.29471325874328613
run49 = 0.26328229904174805

[Average_write]
average = 0.4825624418258667
average_no_outliers = 0.4797136187553406

[Average_read]
average = 0.2719195508956909
average_no_outliers = 0.27037733793258667

