[Meta]
start_time = 1527751208.8963737
uid = pl2.uni-rostock.de
test = writer
rounds = 50
outliers = 2
file_size = 524288

[Times]

[Times_write]
run0 = 0.31797146797180176
run1 = 0.42566370964050293
run2 = 0.38313865661621094
run3 = 0.36630821228027344
run4 = 0.36556553840637207
run5 = 0.38993287086486816
run6 = 0.3490116596221924
run7 = 0.35123562812805176
run8 = 0.34920454025268555
run9 = 0.4021127223968506
run10 = 0.39487361907958984
run11 = 0.40608763694763184
run12 = 0.38400840759277344
run13 = 0.4330313205718994
run14 = 0.3828458786010742
run15 = 0.3868143558502197
run16 = 0.37548375129699707
run17 = 0.4002046585083008
run18 = 0.39093589782714844
run19 = 0.3626561164855957
run20 = 0.34993529319763184
run21 = 0.48311686515808105
run22 = 0.3836057186126709
run23 = 0.4321868419647217
run24 = 0.45798182487487793
run25 = 0.5198063850402832
run26 = 0.3843109607696533
run27 = 0.42897677421569824
run28 = 0.38443756103515625
run29 = 0.3865489959716797
run30 = 0.387298583984375
run31 = 0.39992856979370117
run32 = 0.3995232582092285
run33 = 0.3574230670928955
run34 = 0.3499288558959961
run35 = 0.3815274238586426
run36 = 0.43888235092163086
run37 = 0.4040689468383789
run38 = 0.3652200698852539
run39 = 0.40073490142822266
run40 = 0.3473970890045166
run41 = 0.3519418239593506
run42 = 0.35188770294189453
run43 = 0.35967063903808594
run44 = 0.34816670417785645
run45 = 0.3600771427154541
run46 = 0.3486299514770508
run47 = 0.34871673583984375
run48 = 0.3473665714263916
run49 = 0.35135698318481445

[Times_read]
run0 = 0.26073694229125977
run1 = 0.24626564979553223
run2 = 0.3008708953857422
run3 = 0.28885579109191895
run4 = 0.292248010635376
run5 = 0.29341888427734375
run6 = 0.2921442985534668
run7 = 0.24629640579223633
run8 = 0.29073667526245117
run9 = 0.2911062240600586
run10 = 0.28678369522094727
run11 = 0.24238038063049316
run12 = 0.24521327018737793
run13 = 0.24285006523132324
run14 = 0.24613547325134277
run15 = 0.2438642978668213
run16 = 0.2898752689361572
run17 = 0.29829883575439453
run18 = 0.29043054580688477
run19 = 0.28871989250183105
run20 = 0.2902214527130127
run21 = 0.28687334060668945
run22 = 0.24416327476501465
run23 = 0.245347261428833
run24 = 0.3014998435974121
run25 = 0.24609732627868652
run26 = 0.324664831161499
run27 = 0.2871236801147461
run28 = 0.24644684791564941
run29 = 0.2860558032989502
run30 = 0.2904176712036133
run31 = 0.2899436950683594
run32 = 0.2704806327819824
run33 = 0.28758859634399414
run34 = 0.2991645336151123
run35 = 0.2883179187774658
run36 = 0.2890625
run37 = 0.2978537082672119
run38 = 0.2885439395904541
run39 = 0.28905773162841797
run40 = 0.29861974716186523
run41 = 0.2887144088745117
run42 = 0.2696797847747803
run43 = 0.2916989326477051
run44 = 0.2701237201690674
run45 = 0.2888500690460205
run46 = 0.2700679302215576
run47 = 0.28858065605163574
run48 = 0.2976205348968506
run49 = 0.299879789352417

[Average_write]
average = 0.3845548248291016
average_no_outliers = 0.383124237259229

[Average_read]
average = 0.2797998332977295
average_no_outliers = 0.2796447177728017

