[Meta]
start_time = 1527663677.122519
uid = pl2.uni-rostock.de
test = file size
rounds = 50
outliers = 2
file_size = 512 K

[Times_write]
run0 = 2.1131865978240967
run1 = 1.8101625442504883
run2 = 1.7805829048156738
run3 = 1.7012016773223877
run4 = 1.641129493713379
run5 = 1.70534086227417
run6 = 1.7218818664550781
run7 = 1.6906681060791016
run8 = 1.6433138847351074
run9 = 1.7113876342773438
run10 = 1.7531163692474365
run11 = 1.647188663482666
run12 = 1.5856621265411377
run13 = 2.119953155517578
run14 = 1.7078793048858643
run15 = 1.8106839656829834
run16 = 1.7860081195831299
run17 = 1.5735054016113281
run18 = 1.8252239227294922
run19 = 2.0694339275360107
run20 = 1.8977959156036377
run21 = 2.0890860557556152
run22 = 1.9439408779144287
run23 = 1.9145610332489014
run24 = 1.9186339378356934
run25 = 1.9009687900543213
run26 = 1.927056074142456
run27 = 2.2687551975250244
run28 = 1.9268789291381836
run29 = 2.01377534866333
run30 = 2.7105703353881836
run31 = 1.8840787410736084
run32 = 1.9566290378570557
run33 = 1.8618288040161133
run34 = 1.928102970123291
run35 = 1.9037983417510986
run36 = 2.3584659099578857
run37 = 1.9347829818725586
run38 = 2.0464096069335938
run39 = 1.92049241065979
run40 = 1.9298675060272217
run41 = 3.899745225906372
run42 = 1.9497928619384766
run43 = 1.7394049167633057
run44 = 1.7564747333526611
run45 = 1.6085803508758545
run46 = 1.880115032196045
run47 = 1.9538068771362305
run48 = 1.733018398284912
run49 = 1.7191214561462402

[Times_read]
run0 = 0.9200241565704346
run1 = 0.9650890827178955
run2 = 0.9575803279876709
run3 = 1.195251226425171
run4 = 0.9975612163543701
run5 = 0.945049524307251
run6 = 0.9908909797668457
run7 = 0.9267728328704834
run8 = 0.9634554386138916
run9 = 0.9634039402008057
run10 = 0.9383950233459473
run11 = 1.0041284561157227
run12 = 0.9775445461273193
run13 = 0.9787921905517578
run14 = 0.9122114181518555
run15 = 0.9600515365600586
run16 = 0.926668643951416
run17 = 1.0179800987243652
run18 = 0.9385292530059814
run19 = 1.3036506175994873
run20 = 1.3857338428497314
run21 = 1.3110435009002686
run22 = 1.3076658248901367
run23 = 1.2824797630310059
run24 = 1.341355562210083
run25 = 1.3721916675567627
run26 = 1.4095573425292969
run27 = 1.591475248336792
run28 = 1.3100414276123047
run29 = 1.5462422370910645
run30 = 1.4243857860565186
run31 = 1.3333134651184082
run32 = 1.3205389976501465
run33 = 1.4314978122711182
run34 = 1.31679368019104
run35 = 1.2816905975341797
run36 = 1.3074674606323242
run37 = 1.3320271968841553
run38 = 1.3154692649841309
run39 = 1.383850336074829
run40 = 1.3466763496398926
run41 = 1.3379404544830322
run42 = 1.3306095600128174
run43 = 1.0435214042663574
run44 = 0.9372377395629883
run45 = 0.9646854400634766
run46 = 0.9572641849517822
run47 = 0.9705958366394043
run48 = 0.9338645935058594
run49 = 0.9475157260894775

[Average_write]
average = 1.917480983734131
average_no_outliers = 1.883349969983101

[Average_read]
average = 1.1571552562713623
average_no_outliers = 1.1532099197308223

