[Meta]
start_time = 1527775952.1317117
uid = pl2.uni-rostock.de
test = file size
rounds = 50
outliers = 2
file_size = 512 K

[Times_write]
run0 = 0.6212592124938965
run1 = 0.5425012111663818
run2 = 0.6299397945404053
run3 = 0.5675086975097656
run4 = 0.5635244846343994
run5 = 0.564415454864502
run6 = 0.5734055042266846
run7 = 0.5973646640777588
run8 = 0.558924674987793
run9 = 0.6160984039306641
run10 = 0.594395637512207
run11 = 0.5684616565704346
run12 = 0.576361894607544
run13 = 0.5364043712615967
run14 = 0.6048707962036133
run15 = 0.5668294429779053
run16 = 0.6098935604095459
run17 = 0.6184041500091553
run18 = 0.5708823204040527
run19 = 0.5638754367828369
run20 = 0.5649702548980713
run21 = 0.5674762725830078
run22 = 0.5742170810699463
run23 = 0.5481667518615723
run24 = 0.5648767948150635
run25 = 0.5647711753845215
run26 = 0.6090478897094727
run27 = 0.5693602561950684
run28 = 0.5778234004974365
run29 = 0.568767786026001
run30 = 0.5407683849334717
run31 = 0.6403698921203613
run32 = 0.5898654460906982
run33 = 0.7211005687713623
run34 = 0.5352356433868408
run35 = 0.5689558982849121
run36 = 0.6280670166015625
run37 = 0.5686531066894531
run38 = 0.5624558925628662
run39 = 0.5473036766052246
run40 = 0.537773609161377
run41 = 0.5721876621246338
run42 = 0.5679702758789062
run43 = 0.5665128231048584
run44 = 0.5772819519042969
run45 = 0.5464911460876465
run46 = 0.5676381587982178
run47 = 0.5714113712310791
run48 = 0.5690224170684814
run49 = 0.5807888507843018

[Times_read]
run0 = 0.346343994140625
run1 = 0.34472036361694336
run2 = 0.3421437740325928
run3 = 0.3207824230194092
run4 = 0.3335764408111572
run5 = 0.29560351371765137
run6 = 0.32344841957092285
run7 = 0.33420467376708984
run8 = 0.29892444610595703
run9 = 0.3263881206512451
run10 = 0.2935206890106201
run11 = 0.29488158226013184
run12 = 0.29058098793029785
run13 = 0.3263087272644043
run14 = 0.30170702934265137
run15 = 0.3095681667327881
run16 = 0.29941534996032715
run17 = 0.3208754062652588
run18 = 0.32050490379333496
run19 = 0.30913639068603516
run20 = 0.293001651763916
run21 = 0.2873659133911133
run22 = 0.3233022689819336
run23 = 0.3143599033355713
run24 = 0.2988603115081787
run25 = 0.33530211448669434
run26 = 0.3258097171783447
run27 = 0.3255448341369629
run28 = 0.31860876083374023
run29 = 0.37284326553344727
run30 = 0.32265329360961914
run31 = 0.3292984962463379
run32 = 0.3574869632720947
run33 = 0.32552003860473633
run34 = 0.3334660530090332
run35 = 0.33536458015441895
run36 = 0.3558797836303711
run37 = 0.3508169651031494
run38 = 0.32788920402526855
run39 = 0.3290877342224121
run40 = 0.33248257637023926
run41 = 0.2914767265319824
run42 = 0.2958219051361084
run43 = 0.3208761215209961
run44 = 0.3139197826385498
run45 = 0.33419179916381836
run46 = 0.3343167304992676
run47 = 0.29492759704589844
run48 = 0.33155059814453125
run49 = 0.32506608963012695

[Average_write]
average = 0.5782930564880371
average_no_outliers = 0.5762149294217428

[Average_read]
average = 0.3213945436477661
average_no_outliers = 0.3210316250721614

