[Meta]
start_time = 1527619365.7068915
uid = pl2.uni-rostock.de
test = writer
rounds = 50
outliers = 2
file_size = 524288

[Times]
run0 = 0.6064581871032715
run1 = 0.6368308067321777
run2 = 0.5911898612976074
run3 = 0.5998106002807617
run4 = 0.6103992462158203
run5 = 0.575716495513916
run6 = 0.6014885902404785
run7 = 0.589533805847168
run8 = 0.5849087238311768
run9 = 0.5538201332092285
run10 = 0.6193127632141113
run11 = 0.586209774017334
run12 = 0.5897269248962402
run13 = 0.6118166446685791
run14 = 0.5981364250183105
run15 = 0.5719082355499268
run16 = 0.6331515312194824
run17 = 0.6092181205749512
run18 = 0.612149715423584
run19 = 0.6248688697814941
run20 = 0.5936541557312012
run21 = 0.6266980171203613
run22 = 0.6048295497894287
run23 = 0.6031134128570557
run24 = 0.600339412689209
run25 = 0.6467313766479492
run26 = 0.5787258148193359
run27 = 0.7307898998260498
run28 = 0.6125602722167969
run29 = 0.6281347274780273
run30 = 0.600745677947998
run31 = 0.6153802871704102
run32 = 0.6089839935302734
run33 = 0.652024507522583
run34 = 0.5793418884277344
run35 = 0.59515380859375
run36 = 0.600836992263794
run37 = 0.6764717102050781
run38 = 0.5895452499389648
run39 = 0.6055793762207031
run40 = 0.6094264984130859
run41 = 0.5954897403717041
run42 = 0.6115233898162842
run43 = 0.6444361209869385
run44 = 0.6012213230133057
run45 = 0.589324951171875
run46 = 0.5963199138641357
run47 = 0.5798695087432861
run48 = 0.6072301864624023
run49 = 0.5929749011993408

[Average]
average = 0.6076822423934937
average_no_outliers = 0.6062396268049876

