[Meta]
start_time = 1527779179.15723
uid = pl2.uni-rostock.de
test = writer
rounds = 50
outliers = 2
file_size = 524288

[Times]

[Times_write]
run0 = 0.24954771995544434
run1 = 0.24855327606201172
run2 = 0.2508881092071533
run3 = 0.25266218185424805
run4 = 0.21365976333618164
run5 = 0.2510795593261719
run6 = 0.1785881519317627
run7 = 0.24903297424316406
run8 = 0.21477794647216797
run9 = 0.25098609924316406
run10 = 0.2496488094329834
run11 = 0.2502467632293701
run12 = 0.2519655227661133
run13 = 0.25093674659729004
run14 = 0.2484114170074463
run15 = 0.25219130516052246
run16 = 0.2489328384399414
run17 = 0.21368050575256348
run18 = 0.21532154083251953
run19 = 0.21398663520812988
run20 = 0.25240159034729004
run21 = 0.2517366409301758
run22 = 0.2478020191192627
run23 = 0.24845600128173828
run24 = 0.25038790702819824
run25 = 0.25084400177001953
run26 = 0.2506880760192871
run27 = 0.2142648696899414
run28 = 0.25395917892456055
run29 = 0.25086069107055664
run30 = 0.2483534812927246
run31 = 0.2524449825286865
run32 = 0.25106143951416016
run33 = 0.24829363822937012
run34 = 0.25055456161499023
run35 = 0.2490994930267334
run36 = 0.2529277801513672
run37 = 0.2502758502960205
run38 = 0.25040531158447266
run39 = 0.25038814544677734
run40 = 0.251511812210083
run41 = 0.25171852111816406
run42 = 0.2477107048034668
run43 = 0.24884319305419922
run44 = 0.24853873252868652
run45 = 0.21500897407531738
run46 = 0.21408343315124512
run47 = 0.25031137466430664
run48 = 0.21692943572998047
run49 = 0.24911808967590332

[Times_read]
run0 = 0.17503070831298828
run1 = 0.1719682216644287
run2 = 0.17485928535461426
run3 = 0.17186975479125977
run4 = 0.18142938613891602
run5 = 0.1714615821838379
run6 = 0.1703963279724121
run7 = 0.1755540370941162
run8 = 0.1745929718017578
run9 = 0.1742110252380371
run10 = 0.20955514907836914
run11 = 0.20957183837890625
run12 = 0.20955443382263184
run13 = 0.18230652809143066
run14 = 0.17338991165161133
run15 = 0.1766364574432373
run16 = 0.20752501487731934
run17 = 0.13366460800170898
run18 = 0.17197632789611816
run19 = 0.17215776443481445
run20 = 0.17416763305664062
run21 = 0.17403030395507812
run22 = 0.1732652187347412
run23 = 0.17310214042663574
run24 = 0.17672324180603027
run25 = 0.171034574508667
run26 = 0.17406845092773438
run27 = 0.21023964881896973
run28 = 0.1752927303314209
run29 = 0.2096560001373291
run30 = 0.17406749725341797
run31 = 0.17689871788024902
run32 = 0.17216014862060547
run33 = 0.20713233947753906
run34 = 0.17435550689697266
run35 = 0.1708836555480957
run36 = 0.1731412410736084
run37 = 0.1739492416381836
run38 = 0.20851898193359375
run39 = 0.20952534675598145
run40 = 0.21000885963439941
run41 = 0.20938992500305176
run42 = 0.17346501350402832
run43 = 0.17673635482788086
run44 = 0.18028974533081055
run45 = 0.17434954643249512
run46 = 0.20726919174194336
run47 = 0.2118983268737793
run48 = 0.20792675018310547
run49 = 0.17526650428771973

[Average_write]
average = 0.2424815559387207
average_no_outliers = 0.24357355137666067

[Average_read]
average = 0.18333048343658448
average_no_outliers = 0.18377002576986948

