[Meta]
start_time = 1527612027.6837404
uid = pl2.uni-rostock.de
test = writer
rounds = 50
outliers = 2
file_size = 524288

[Times]

[Times_write]
run0 = 0.2152094841003418
run1 = 0.2641727924346924
run2 = 0.2642710208892822
run3 = 0.26789402961730957
run4 = 0.26564979553222656
run5 = 0.2663586139678955
run6 = 0.2684154510498047
run7 = 0.2597949504852295
run8 = 0.26764798164367676
run9 = 0.25508713722229004
run10 = 0.26022982597351074
run11 = 0.26985716819763184
run12 = 0.26517367362976074
run13 = 0.267322301864624
run14 = 0.26664137840270996
run15 = 0.2675166130065918
run16 = 0.26608777046203613
run17 = 0.26645946502685547
run18 = 0.25832223892211914
run19 = 0.2680811882019043
run20 = 0.2612800598144531
run21 = 0.26613688468933105
run22 = 0.26934194564819336
run23 = 0.266132116317749
run24 = 0.26189494132995605
run25 = 0.26821303367614746
run26 = 0.2683594226837158
run27 = 0.2678682804107666
run28 = 0.26529645919799805
run29 = 0.2660830020904541
run30 = 0.2625000476837158
run31 = 0.2671384811401367
run32 = 0.26771998405456543
run33 = 0.26694703102111816
run34 = 0.2618265151977539
run35 = 0.268355131149292
run36 = 0.23007583618164062
run37 = 0.2679429054260254
run38 = 0.26071596145629883
run39 = 0.26789045333862305
run40 = 0.26686954498291016
run41 = 0.26750850677490234
run42 = 0.26887989044189453
run43 = 0.26726555824279785
run44 = 0.2641575336456299
run45 = 0.2675285339355469
run46 = 0.26718950271606445
run47 = 0.34903931617736816
run48 = 0.3562302589416504
run49 = 0.2958221435546875

[Times_read]
run0 = 0.24250197410583496
run1 = 0.21985363960266113
run2 = 0.21860122680664062
run3 = 0.24127626419067383
run4 = 0.22136855125427246
run5 = 0.21770715713500977
run6 = 0.18163347244262695
run7 = 0.18216443061828613
run8 = 0.18278741836547852
run9 = 0.14551734924316406
run10 = 0.2184445858001709
run11 = 0.18346047401428223
run12 = 0.21856474876403809
run13 = 0.21805214881896973
run14 = 0.18270087242126465
run15 = 0.21833086013793945
run16 = 0.22036314010620117
run17 = 0.1848006248474121
run18 = 0.1846611499786377
run19 = 0.21912360191345215
run20 = 0.21766996383666992
run21 = 0.18050575256347656
run22 = 0.2248246669769287
run23 = 0.15337729454040527
run24 = 0.21866464614868164
run25 = 0.21785545349121094
run26 = 0.23571491241455078
run27 = 0.21899890899658203
run28 = 0.22084522247314453
run29 = 0.21839070320129395
run30 = 0.1815037727355957
run31 = 0.18290019035339355
run32 = 0.19131827354431152
run33 = 0.2183983325958252
run34 = 0.18245220184326172
run35 = 0.21843194961547852
run36 = 0.241926908493042
run37 = 0.19327974319458008
run38 = 0.18504595756530762
run39 = 0.21790790557861328
run40 = 0.21763324737548828
run41 = 0.18294930458068848
run42 = 0.1822831630706787
run43 = 0.21875786781311035
run44 = 0.2187337875366211
run45 = 0.21799063682556152
run46 = 0.2186434268951416
run47 = 0.14597368240356445
run48 = 0.2416548728942871
run49 = 0.22205734252929688

[Average_write]
average = 0.2680480432510376
average_no_outliers = 0.2673117170731227

[Average_read]
average = 0.20577207565307618
average_no_outliers = 0.20626217623551688

