[Meta]
start_time = 1527613203.65648
uid = pl2.uni-rostock.de
test = writer
rounds = 50
outliers = 2
file_size = 524288

[Times]

[Times_write]
run0 = 0.3094010353088379
run1 = 0.308422327041626
run2 = 0.3048386573791504
run3 = 0.308239221572876
run4 = 0.305161714553833
run5 = 0.30812883377075195
run6 = 0.30469679832458496
run7 = 0.30805063247680664
run8 = 0.30414438247680664
run9 = 0.30791234970092773
run10 = 0.3060886859893799
run11 = 0.3073287010192871
run12 = 0.30471181869506836
run13 = 0.30444931983947754
run14 = 0.30815696716308594
run15 = 0.31044721603393555
run16 = 0.30421972274780273
run17 = 0.30428624153137207
run18 = 0.30785489082336426
run19 = 0.30866575241088867
run20 = 0.30258989334106445
run21 = 0.3084533214569092
run22 = 0.3105607032775879
run23 = 0.3086545467376709
run24 = 0.30941081047058105
run25 = 0.3046112060546875
run26 = 0.3051459789276123
run27 = 0.3091740608215332
run28 = 0.30468297004699707
run29 = 0.30455636978149414
run30 = 0.30773186683654785
run31 = 0.30533623695373535
run32 = 0.30907130241394043
run33 = 0.30664753913879395
run34 = 0.3057596683502197
run35 = 0.3052248954772949
run36 = 0.3106422424316406
run37 = 0.3087327480316162
run38 = 0.30872511863708496
run39 = 0.3046278953552246
run40 = 0.31864404678344727
run41 = 0.310361385345459
run42 = 0.30853939056396484
run43 = 0.3087747097015381
run44 = 0.30490541458129883
run45 = 0.3065617084503174
run46 = 0.30481624603271484
run47 = 0.3051445484161377
run48 = 0.3048555850982666
run49 = 0.30921101570129395

[Times_read]
run0 = 0.20394086837768555
run1 = 0.19920134544372559
run2 = 0.20189476013183594
run3 = 0.20460796356201172
run4 = 0.2024214267730713
run5 = 0.20266222953796387
run6 = 0.2019495964050293
run7 = 0.20226502418518066
run8 = 0.2023298740386963
run9 = 0.2009568214416504
run10 = 0.20221233367919922
run11 = 0.20093750953674316
run12 = 0.1986558437347412
run13 = 0.20311641693115234
run14 = 0.20120859146118164
run15 = 0.2024860382080078
run16 = 0.20226669311523438
run17 = 0.2024068832397461
run18 = 0.20273709297180176
run19 = 0.20052051544189453
run20 = 0.2023177146911621
run21 = 0.20259356498718262
run22 = 0.20373153686523438
run23 = 0.2092270851135254
run24 = 0.2020127773284912
run25 = 0.20291781425476074
run26 = 0.20303750038146973
run27 = 0.20167255401611328
run28 = 0.20307683944702148
run29 = 0.20203566551208496
run30 = 0.20290374755859375
run31 = 0.20296573638916016
run32 = 0.2032318115234375
run33 = 0.20316624641418457
run34 = 0.2028975486755371
run35 = 0.20195245742797852
run36 = 0.20257234573364258
run37 = 0.2029862403869629
run38 = 0.2022106647491455
run39 = 0.20270681381225586
run40 = 0.20369434356689453
run41 = 0.20281529426574707
run42 = 0.20292901992797852
run43 = 0.20296764373779297
run44 = 0.20363736152648926
run45 = 0.20333528518676758
run46 = 0.2049577236175537
run47 = 0.20299863815307617
run48 = 0.20321393013000488
run49 = 0.2016909122467041

[Average_write]
average = 0.3071471738815308
average_no_outliers = 0.30700259904066723

[Average_read]
average = 0.20262469291687013
average_no_outliers = 0.20256982743740082

