[Meta]
start_time = 1527751703.5490205
uid = pl2.uni-rostock.de
test = writer
rounds = 50
outliers = 2
file_size = 524288

[Times]

[Times_write]
run0 = 0.42731499671936035
run1 = 0.4257388114929199
run2 = 0.42182350158691406
run3 = 0.41668128967285156
run4 = 0.41570568084716797
run5 = 0.4188399314880371
run6 = 0.4171559810638428
run7 = 0.7764348983764648
run8 = 0.41631197929382324
run9 = 0.45483994483947754
run10 = 0.7103121280670166
run11 = 0.4181556701660156
run12 = 0.49369359016418457
run13 = 0.4565615653991699
run14 = 0.45604991912841797
run15 = 0.4635946750640869
run16 = 0.4629385471343994
run17 = 0.5073707103729248
run18 = 0.5032544136047363
run19 = 0.44148731231689453
run20 = 0.6944420337677002
run21 = 0.44937777519226074
run22 = 0.45798516273498535
run23 = 0.4596881866455078
run24 = 0.45041775703430176
run25 = 0.45126843452453613
run26 = 0.525315523147583
run27 = 0.5462009906768799
run28 = 0.45096898078918457
run29 = 0.8223297595977783
run30 = 0.5125827789306641
run31 = 0.5083351135253906
run32 = 0.46051883697509766
run33 = 0.4535963535308838
run34 = 0.42167115211486816
run35 = 0.41718268394470215
run36 = 0.4179039001464844
run37 = 0.46036386489868164
run38 = 0.4230165481567383
run39 = 0.6650395393371582
run40 = 0.44388484954833984
run41 = 0.4184865951538086
run42 = 0.42412805557250977
run43 = 0.4230079650878906
run44 = 0.42548203468322754
run45 = 0.4313833713531494
run46 = 0.4299149513244629
run47 = 0.4222884178161621
run48 = 0.42278409004211426
run49 = 0.6643099784851074

[Times_read]
run0 = 0.3348703384399414
run1 = 0.33326101303100586
run2 = 0.33953166007995605
run3 = 0.33530473709106445
run4 = 0.33461761474609375
run5 = 0.337322473526001
run6 = 0.34046292304992676
run7 = 0.33550477027893066
run8 = 0.33771657943725586
run9 = 0.33336472511291504
run10 = 0.33771538734436035
run11 = 0.3366258144378662
run12 = 0.33971190452575684
run13 = 0.3356304168701172
run14 = 0.33908724784851074
run15 = 0.3404712677001953
run16 = 0.5227775573730469
run17 = 0.34594225883483887
run18 = 0.33496856689453125
run19 = 0.34256601333618164
run20 = 0.33338475227355957
run21 = 0.3418283462524414
run22 = 0.3456141948699951
run23 = 0.3380458354949951
run24 = 0.3354015350341797
run25 = 0.36937928199768066
run26 = 0.5767238140106201
run27 = 0.3500633239746094
run28 = 0.33469605445861816
run29 = 0.3349275588989258
run30 = 0.342374324798584
run31 = 0.3354671001434326
run32 = 0.3503580093383789
run33 = 0.3369405269622803
run34 = 0.3370058536529541
run35 = 0.3486809730529785
run36 = 0.362276554107666
run37 = 0.3350856304168701
run38 = 0.35135769844055176
run39 = 0.33840346336364746
run40 = 0.3345682621002197
run41 = 0.34040093421936035
run42 = 0.33858752250671387
run43 = 0.33688998222351074
run44 = 0.3342418670654297
run45 = 0.3409116268157959
run46 = 0.3593459129333496
run47 = 0.3411126136779785
run48 = 0.3368947505950928
run49 = 0.38802194595336914

[Average_write]
average = 0.4811628246307373
average_no_outliers = 0.4754188706477483

[Average_read]
average = 0.3497288703918457
average_no_outliers = 0.34534288942813873

