[Meta]
start_time = 1527777105.683513
uid = pl2.uni-rostock.de
test = file size
rounds = 50
outliers = 2
file_size = 512 K

[Times_write]
run0 = 0.5247867107391357
run1 = 0.4626166820526123
run2 = 0.47098231315612793
run3 = 0.475250244140625
run4 = 0.4912078380584717
run5 = 0.4625284671783447
run6 = 0.5138158798217773
run7 = 0.459228515625
run8 = 0.454448938369751
run9 = 0.5048747062683105
run10 = 0.4587385654449463
run11 = 0.4551386833190918
run12 = 0.46938657760620117
run13 = 0.5012216567993164
run14 = 0.4785783290863037
run15 = 0.5079734325408936
run16 = 0.45496678352355957
run17 = 0.4773402214050293
run18 = 0.4572873115539551
run19 = 0.608884334564209
run20 = 0.45469069480895996
run21 = 0.46122145652770996
run22 = 0.4584658145904541
run23 = 0.4941747188568115
run24 = 0.45937085151672363
run25 = 0.49692344665527344
run26 = 0.48314833641052246
run27 = 0.45737791061401367
run28 = 0.46295905113220215
run29 = 0.46167492866516113
run30 = 0.4588639736175537
run31 = 0.5256428718566895
run32 = 0.4734165668487549
run33 = 0.4697582721710205
run34 = 0.47447943687438965
run35 = 0.4552652835845947
run36 = 0.5200207233428955
run37 = 0.4912691116333008
run38 = 0.4570479393005371
run39 = 0.4815959930419922
run40 = 0.45546889305114746
run41 = 0.4556539058685303
run42 = 0.4756147861480713
run43 = 0.45714831352233887
run44 = 0.4588465690612793
run45 = 0.45832276344299316
run46 = 0.48272228240966797
run47 = 0.5072100162506104
run48 = 0.4642214775085449
run49 = 0.4927804470062256

[Times_read]
run0 = 0.26233434677124023
run1 = 0.26584959030151367
run2 = 0.293165922164917
run3 = 0.27384400367736816
run4 = 0.2913689613342285
run5 = 0.26324963569641113
run6 = 0.260483980178833
run7 = 0.26429319381713867
run8 = 0.2636849880218506
run9 = 0.264998197555542
run10 = 0.26535797119140625
run11 = 0.2620048522949219
run12 = 0.3142266273498535
run13 = 0.2938721179962158
run14 = 0.2603011131286621
run15 = 0.2930419445037842
run16 = 0.26123476028442383
run17 = 0.2952456474304199
run18 = 0.2599179744720459
run19 = 0.2613091468811035
run20 = 0.2608835697174072
run21 = 0.2978379726409912
run22 = 0.2984187602996826
run23 = 0.29158949851989746
run24 = 0.2729668617248535
run25 = 0.3181757926940918
run26 = 0.2933955192565918
run27 = 0.2619056701660156
run28 = 0.26121997833251953
run29 = 0.2868387699127197
run30 = 0.2621142864227295
run31 = 0.26327967643737793
run32 = 0.26142072677612305
run33 = 0.2585422992706299
run34 = 0.2593052387237549
run35 = 0.2612316608428955
run36 = 0.25823044776916504
run37 = 0.25824499130249023
run38 = 0.2600407600402832
run39 = 0.29759979248046875
run40 = 0.2977168560028076
run41 = 0.2600846290588379
run42 = 0.2649383544921875
run43 = 0.2594926357269287
run44 = 0.25776243209838867
run45 = 0.2601926326751709
run46 = 0.2622063159942627
run47 = 0.25917983055114746
run48 = 0.26163220405578613
run49 = 0.2582864761352539

[Average_write]
average = 0.4778922605514526
average_no_outliers = 0.47565166155497235

[Average_read]
average = 0.2718903923034668
average_no_outliers = 0.27122044563293457

