[Meta]
start_time = 1527619142.9572163
uid = pl2.uni-rostock.de
test = writer
rounds = 50
outliers = 2
file_size = 524288

[Times]
run0 = 0.7403426170349121
run1 = 0.7173211574554443
run2 = 0.7634868621826172
run3 = 0.6728203296661377
run4 = 0.716064453125
run5 = 0.8015692234039307
run6 = 0.8709573745727539
run7 = 0.739063024520874
run8 = 0.7852373123168945
run9 = 0.7984421253204346
run10 = 0.7868928909301758
run11 = 0.8300957679748535
run12 = 0.7339034080505371
run13 = 0.7671995162963867
run14 = 0.9807724952697754
run15 = 0.7618048191070557
run16 = 0.7906858921051025
run17 = 0.7810442447662354
run18 = 0.7906036376953125
run19 = 0.7613217830657959
run20 = 0.761958122253418
run21 = 0.7804007530212402
run22 = 0.7559456825256348
run23 = 0.7982203960418701
run24 = 0.8036887645721436
run25 = 0.7586879730224609
run26 = 0.7556896209716797
run27 = 0.7792263031005859
run28 = 0.7690098285675049
run29 = 0.7826254367828369
run30 = 0.7914583683013916
run31 = 0.8056936264038086
run32 = 0.814460277557373
run33 = 0.7782509326934814
run34 = 0.7908453941345215
run35 = 0.778395414352417
run36 = 0.7700226306915283
run37 = 0.7841386795043945
run38 = 0.746856689453125
run39 = 0.7926769256591797
run40 = 0.7540798187255859
run41 = 0.7713174819946289
run42 = 0.7639689445495605
run43 = 0.7596616744995117
run44 = 0.7595758438110352
run45 = 0.8693866729736328
run46 = 0.7487871646881104
run47 = 0.7925601005554199
run48 = 0.7951147556304932
run49 = 0.7840876579284668

[Average]
average = 0.7797284173965454
average_no_outliers = 0.7777672509352366

