[Meta]
start_time = 1527665314.570659
uid = pl2.uni-rostock.de
test = file size
rounds = 50
outliers = 2
file_size = 512 K

[Times_write]
run0 = 0.9283010959625244
run1 = 0.737445592880249
run2 = 1.7661101818084717
run3 = 0.7214620113372803
run4 = 0.7240030765533447
run5 = 1.2901859283447266
run6 = 0.7481441497802734
run7 = 0.7203805446624756
run8 = 0.8538346290588379
run9 = 0.7894821166992188
run10 = 0.9850494861602783
run11 = 0.8350391387939453
run12 = 0.8081254959106445
run13 = 0.8850593566894531
run14 = 0.7814669609069824
run15 = 1.117126226425171
run16 = 0.8462731838226318
run17 = 0.8541078567504883
run18 = 0.8208539485931396
run19 = 1.7208178043365479
run20 = 0.7899072170257568
run21 = 1.0457484722137451
run22 = 0.879727840423584
run23 = 0.8873426914215088
run24 = 0.7545254230499268
run25 = 1.3661348819732666
run26 = 0.7800941467285156
run27 = 0.904104471206665
run28 = 0.7725803852081299
run29 = 0.9952294826507568
run30 = 0.8029301166534424
run31 = 1.2957377433776855
run32 = 0.7765402793884277
run33 = 0.9090807437896729
run34 = 0.7444913387298584
run35 = 0.8304905891418457
run36 = 0.8083746433258057
run37 = 1.0356650352478027
run38 = 0.8335099220275879
run39 = 0.8511476516723633
run40 = 0.8039536476135254
run41 = 0.7910420894622803
run42 = 0.7801849842071533
run43 = 0.8026964664459229
run44 = 0.7965030670166016
run45 = 0.909759521484375
run46 = 0.7822766304016113
run47 = 0.8463497161865234
run48 = 2.478985548019409
run49 = 0.7633049488067627

[Times_read]
run0 = 0.5672798156738281
run1 = 0.5077018737792969
run2 = 0.5303974151611328
run3 = 0.5032827854156494
run4 = 0.5010592937469482
run5 = 0.672515869140625
run6 = 0.4796183109283447
run7 = 0.6077899932861328
run8 = 0.5517606735229492
run9 = 0.5233898162841797
run10 = 0.5165011882781982
run11 = 0.4879424571990967
run12 = 0.4871490001678467
run13 = 0.49711060523986816
run14 = 0.45020461082458496
run15 = 0.6861505508422852
run16 = 0.486722469329834
run17 = 0.5949718952178955
run18 = 0.44890856742858887
run19 = 0.4964423179626465
run20 = 0.509178638458252
run21 = 1.5341806411743164
run22 = 0.5759549140930176
run23 = 0.5858607292175293
run24 = 0.4882838726043701
run25 = 0.546130895614624
run26 = 0.5098340511322021
run27 = 1.3286490440368652
run28 = 0.5056440830230713
run29 = 0.4913780689239502
run30 = 0.6885991096496582
run31 = 0.5007023811340332
run32 = 0.5354034900665283
run33 = 0.5744547843933105
run34 = 0.5044996738433838
run35 = 0.45549845695495605
run36 = 0.5027048587799072
run37 = 0.5226659774780273
run38 = 0.5663106441497803
run39 = 0.47620105743408203
run40 = 0.4614887237548828
run41 = 0.4962499141693115
run42 = 0.43184971809387207
run43 = 0.43349337577819824
run44 = 0.5288326740264893
run45 = 0.5769352912902832
run46 = 0.5098083019256592
run47 = 0.45143866539001465
run48 = 0.47220277786254883
run49 = 0.42717814445495605

[Average_write]
average = 0.9350337696075439
average_no_outliers = 0.9073400497436523

[Average_read]
average = 0.5557702493667602
average_no_outliers = 0.5380657017230988

