[Meta]
start_time = 1527776845.324952
uid = pl2.uni-rostock.de
test = file size
rounds = 50
outliers = 2
file_size = 512 K

[Times_write]
run0 = 0.6017148494720459
run1 = 0.5365228652954102
run2 = 0.5503699779510498
run3 = 0.5534243583679199
run4 = 0.6085615158081055
run5 = 0.5333247184753418
run6 = 0.5818774700164795
run7 = 0.5820653438568115
run8 = 0.5444650650024414
run9 = 0.5767602920532227
run10 = 0.5627744197845459
run11 = 0.576026439666748
run12 = 0.5461587905883789
run13 = 0.5362808704376221
run14 = 0.5837035179138184
run15 = 0.6956889629364014
run16 = 0.5919427871704102
run17 = 0.5447201728820801
run18 = 0.5740506649017334
run19 = 0.580895185470581
run20 = 0.5471510887145996
run21 = 0.5402746200561523
run22 = 0.5344369411468506
run23 = 0.5490095615386963
run24 = 0.5363872051239014
run25 = 0.5868396759033203
run26 = 0.5578510761260986
run27 = 0.5422885417938232
run28 = 0.5477924346923828
run29 = 0.580500602722168
run30 = 0.5402863025665283
run31 = 0.5366466045379639
run32 = 0.543405294418335
run33 = 0.6498503684997559
run34 = 0.8863580226898193
run35 = 0.8524580001831055
run36 = 0.7868564128875732
run37 = 0.7824888229370117
run38 = 0.5838422775268555
run39 = 0.5472846031188965
run40 = 0.5353982448577881
run41 = 0.5758211612701416
run42 = 0.577568531036377
run43 = 0.5501499176025391
run44 = 0.5748555660247803
run45 = 0.5808107852935791
run46 = 0.5773806571960449
run47 = 0.575885534286499
run48 = 0.5901758670806885
run49 = 0.5301599502563477

[Times_read]
run0 = 0.27401280403137207
run1 = 0.2656848430633545
run2 = 0.2691512107849121
run3 = 0.26073765754699707
run4 = 0.27089953422546387
run5 = 0.26682400703430176
run6 = 0.2718081474304199
run7 = 0.3189859390258789
run8 = 0.28979921340942383
run9 = 0.2685739994049072
run10 = 0.2858147621154785
run11 = 0.29637932777404785
run12 = 0.26295924186706543
run13 = 0.25882935523986816
run14 = 0.260272741317749
run15 = 0.26528143882751465
run16 = 0.2642629146575928
run17 = 0.2565481662750244
run18 = 0.3084843158721924
run19 = 0.2642676830291748
run20 = 0.2818722724914551
run21 = 0.2693924903869629
run22 = 0.2592780590057373
run23 = 0.26549744606018066
run24 = 0.2624948024749756
run25 = 0.26052331924438477
run26 = 0.2598905563354492
run27 = 0.26035571098327637
run28 = 0.26230287551879883
run29 = 0.2729473114013672
run30 = 0.3723001480102539
run31 = 0.2972395420074463
run32 = 0.2496049404144287
run33 = 0.29474377632141113
run34 = 0.4148597717285156
run35 = 0.4510328769683838
run36 = 0.5948009490966797
run37 = 0.57338547706604
run38 = 0.2734489440917969
run39 = 0.26658010482788086
run40 = 0.2619948387145996
run41 = 0.31595444679260254
run42 = 0.28679776191711426
run43 = 0.26129627227783203
run44 = 0.26165294647216797
run45 = 0.2606663703918457
run46 = 0.26714468002319336
run47 = 0.2638568878173828
run48 = 0.2599191665649414
run49 = 0.33284711837768555

[Average_write]
average = 0.5872308588027955
average_no_outliers = 0.5821880201498667

[Average_read]
average = 0.2938851833343506
average_no_outliers = 0.2885386099418004

