[Meta]
start_time = 1527778685.2418401
uid = pl2.uni-rostock.de
test = writer
rounds = 50
outliers = 2
file_size = 524288

[Times]

[Times_write]
run0 = 0.33881163597106934
run1 = 0.3378868103027344
run2 = 0.3364138603210449
run3 = 0.335374116897583
run4 = 0.33760571479797363
run5 = 0.3369286060333252
run6 = 0.3351573944091797
run7 = 0.3354218006134033
run8 = 0.33779072761535645
run9 = 0.33581066131591797
run10 = 0.33600306510925293
run11 = 0.3372204303741455
run12 = 0.3361165523529053
run13 = 0.3355247974395752
run14 = 0.3340926170349121
run15 = 0.3377392292022705
run16 = 0.33416175842285156
run17 = 0.33439111709594727
run18 = 0.3370091915130615
run19 = 0.3340437412261963
run20 = 0.33612585067749023
run21 = 0.33598852157592773
run22 = 0.33422327041625977
run23 = 0.3567366600036621
run24 = 0.3357510566711426
run25 = 0.33267951011657715
run26 = 0.3368816375732422
run27 = 0.3320789337158203
run28 = 0.3357558250427246
run29 = 0.33539462089538574
run30 = 0.335862398147583
run31 = 0.3561685085296631
run32 = 0.3361639976501465
run33 = 0.3355376720428467
run34 = 0.31462883949279785
run35 = 0.3364529609680176
run36 = 0.33601975440979004
run37 = 0.3342149257659912
run38 = 0.3358433246612549
run39 = 0.4100680351257324
run40 = 0.35520267486572266
run41 = 0.3362417221069336
run42 = 0.335939884185791
run43 = 0.33610105514526367
run44 = 0.33733320236206055
run45 = 0.33533811569213867
run46 = 0.33669519424438477
run47 = 0.3577539920806885
run48 = 0.35692381858825684
run49 = 0.3307454586029053

[Times_read]
run0 = 0.11622500419616699
run1 = 0.3175535202026367
run2 = 0.11668753623962402
run3 = 0.11559605598449707
run4 = 0.11565494537353516
run5 = 0.296297550201416
run6 = 0.29775023460388184
run7 = 0.1386868953704834
run8 = 0.2967355251312256
run9 = 0.11533570289611816
run10 = 0.31725192070007324
run11 = 0.11542081832885742
run12 = 0.11547136306762695
run13 = 0.11537480354309082
run14 = 0.29697084426879883
run15 = 0.11548852920532227
run16 = 0.297771692276001
run17 = 0.2968897819519043
run18 = 0.2969512939453125
run19 = 0.1154944896697998
run20 = 0.11558365821838379
run21 = 0.11752963066101074
run22 = 0.29740023612976074
run23 = 0.2972087860107422
run24 = 0.22259879112243652
run25 = 0.2969169616699219
run26 = 0.11535167694091797
run27 = 0.1506049633026123
run28 = 0.11544084548950195
run29 = 0.1153256893157959
run30 = 0.11568045616149902
run31 = 0.29712462425231934
run32 = 0.11553144454956055
run33 = 0.2975888252258301
run34 = 0.29784440994262695
run35 = 0.296558141708374
run36 = 0.11558365821838379
run37 = 0.2967410087585449
run38 = 0.11536240577697754
run39 = 0.11562323570251465
run40 = 0.11548900604248047
run41 = 0.29689812660217285
run42 = 0.29708170890808105
run43 = 0.2969658374786377
run44 = 0.22764086723327637
run45 = 0.29656338691711426
run46 = 0.29766035079956055
run47 = 0.11545276641845703
run48 = 0.1154789924621582
run49 = 0.11539125442504883

[Average_write]
average = 0.33888710498809815
average_no_outliers = 0.3379095494747162

[Average_read]
average = 0.20183660507202147
average_no_outliers = 0.2012281467517217

