[Meta]
start_time = 1527776244.6676252
uid = pl2.uni-rostock.de
test = file size
rounds = 50
outliers = 2
file_size = 512 K

[Times_write]
run0 = 0.8972189426422119
run1 = 0.8330023288726807
run2 = 0.7831144332885742
run3 = 0.847855806350708
run4 = 0.8062937259674072
run5 = 0.7795493602752686
run6 = 0.8063530921936035
run7 = 0.8436613082885742
run8 = 0.8768293857574463
run9 = 0.9228270053863525
run10 = 0.8943779468536377
run11 = 0.8103163242340088
run12 = 0.8811042308807373
run13 = 0.8168833255767822
run14 = 0.821465015411377
run15 = 0.8320884704589844
run16 = 0.7935695648193359
run17 = 0.79524827003479
run18 = 0.8203737735748291
run19 = 0.8799958229064941
run20 = 0.8421018123626709
run21 = 0.8339755535125732
run22 = 0.8528623580932617
run23 = 0.810563325881958
run24 = 0.8386683464050293
run25 = 0.8235859870910645
run26 = 0.9171130657196045
run27 = 0.8332622051239014
run28 = 0.8024594783782959
run29 = 0.7882120609283447
run30 = 0.8262593746185303
run31 = 0.8019077777862549
run32 = 0.8338003158569336
run33 = 0.8296017646789551
run34 = 0.7960000038146973
run35 = 0.8219785690307617
run36 = 1.0249674320220947
run37 = 0.791064977645874
run38 = 0.8151721954345703
run39 = 0.8047878742218018
run40 = 0.7821755409240723
run41 = 0.7952473163604736
run42 = 0.8101122379302979
run43 = 0.7762200832366943
run44 = 0.8959074020385742
run45 = 0.8816719055175781
run46 = 0.7990679740905762
run47 = 0.8056750297546387
run48 = 0.7922661304473877
run49 = 0.8141632080078125

[Times_read]
run0 = 0.5592801570892334
run1 = 0.5298993587493896
run2 = 0.550349235534668
run3 = 0.5616602897644043
run4 = 0.5236983299255371
run5 = 0.5874359607696533
run6 = 0.5006346702575684
run7 = 0.551546573638916
run8 = 0.5571460723876953
run9 = 0.4875366687774658
run10 = 0.5286881923675537
run11 = 0.4985034465789795
run12 = 0.48998141288757324
run13 = 0.5896286964416504
run14 = 0.589836597442627
run15 = 0.4971623420715332
run16 = 0.5544977188110352
run17 = 0.5179853439331055
run18 = 0.5985803604125977
run19 = 0.542036771774292
run20 = 0.5537540912628174
run21 = 0.5892472267150879
run22 = 0.5134584903717041
run23 = 0.588869571685791
run24 = 0.5354659557342529
run25 = 0.5904676914215088
run26 = 0.5607376098632812
run27 = 0.5527596473693848
run28 = 0.4929351806640625
run29 = 0.492389440536499
run30 = 0.4967174530029297
run31 = 0.5203723907470703
run32 = 0.4975011348724365
run33 = 0.5005035400390625
run34 = 0.49615955352783203
run35 = 0.5402636528015137
run36 = 0.4924740791320801
run37 = 0.4923877716064453
run38 = 0.5507066249847412
run39 = 0.5190045833587646
run40 = 0.5238771438598633
run41 = 0.5594942569732666
run42 = 0.5528137683868408
run43 = 0.5899014472961426
run44 = 0.5458164215087891
run45 = 0.5409998893737793
run46 = 0.5985333919525146
run47 = 0.5313773155212402
run48 = 0.5812478065490723
run49 = 0.4966742992401123

[Average_write]
average = 0.8316595888137818
average_no_outliers = 0.8287873317797979

[Average_read]
average = 0.5382599925994873
average_no_outliers = 0.5380600541830063

