[Meta]
start_time = 1527612768.2928505
uid = pl2.uni-rostock.de
test = writer
rounds = 50
outliers = 2
file_size = 524288

[Times]

[Times_write]
run0 = 0.3141956329345703
run1 = 0.3103795051574707
run2 = 0.3139057159423828
run3 = 0.31559252738952637
run4 = 0.31452417373657227
run5 = 0.3031766414642334
run6 = 0.31348657608032227
run7 = 0.31482887268066406
run8 = 0.31017327308654785
run9 = 0.3153047561645508
run10 = 0.31476616859436035
run11 = 0.313385009765625
run12 = 0.31362414360046387
run13 = 0.31405019760131836
run14 = 0.3134944438934326
run15 = 0.3101484775543213
run16 = 0.3135714530944824
run17 = 0.30988287925720215
run18 = 0.3134169578552246
run19 = 0.31346583366394043
run20 = 0.3101060390472412
run21 = 0.31326889991760254
run22 = 0.310183048248291
run23 = 0.3101344108581543
run24 = 0.31033849716186523
run25 = 0.3077373504638672
run26 = 0.3133695125579834
run27 = 0.3059570789337158
run28 = 0.30996227264404297
run29 = 0.310009241104126
run30 = 0.31308627128601074
run31 = 0.31449079513549805
run32 = 0.3131575584411621
run33 = 0.31298089027404785
run34 = 0.3098275661468506
run35 = 0.3129088878631592
run36 = 0.30982518196105957
run37 = 0.3098487854003906
run38 = 0.2958700656890869
run39 = 0.3075861930847168
run40 = 0.310305118560791
run41 = 0.3160593509674072
run42 = 0.28582334518432617
run43 = 0.3109860420227051
run44 = 0.315126895904541
run45 = 0.31488800048828125
run46 = 0.31073737144470215
run47 = 0.31142377853393555
run48 = 0.3135087490081787
run49 = 0.3133552074432373

[Times_read]
run0 = 0.25354886054992676
run1 = 0.253507137298584
run2 = 0.25366997718811035
run3 = 0.2528843879699707
run4 = 0.2529468536376953
run5 = 0.2528975009918213
run6 = 0.251481294631958
run7 = 0.252976655960083
run8 = 0.2528660297393799
run9 = 0.21554064750671387
run10 = 0.25306200981140137
run11 = 0.25313591957092285
run12 = 0.24851512908935547
run13 = 0.25313353538513184
run14 = 0.25015783309936523
run15 = 0.23381328582763672
run16 = 0.25169920921325684
run17 = 0.25286126136779785
run18 = 0.2529606819152832
run19 = 0.25336647033691406
run20 = 0.2528095245361328
run21 = 0.2526257038116455
run22 = 0.25290966033935547
run23 = 0.22037672996520996
run24 = 0.25287675857543945
run25 = 0.25295090675354004
run26 = 0.2514190673828125
run27 = 0.25294065475463867
run28 = 0.2515277862548828
run29 = 0.2506074905395508
run30 = 0.2526590824127197
run31 = 0.252854585647583
run32 = 0.25264525413513184
run33 = 0.2526717185974121
run34 = 0.2509589195251465
run35 = 0.25246524810791016
run36 = 0.24945807456970215
run37 = 0.25322747230529785
run38 = 0.2527148723602295
run39 = 0.221543550491333
run40 = 0.2525451183319092
run41 = 0.2525641918182373
run42 = 0.25312185287475586
run43 = 0.25130581855773926
run44 = 0.2531609535217285
run45 = 0.25186777114868164
run46 = 0.25131964683532715
run47 = 0.25159215927124023
run48 = 0.2533907890319824
run49 = 0.2527468204498291

[Average_write]
average = 0.31116471290588377
average_no_outliers = 0.31159068644046783

[Average_read]
average = 0.2500176572799683
average_no_outliers = 0.25065983831882477

