[Meta]
start_time = 1527750306.147713
uid = pl2.uni-rostock.de
test = writer
rounds = 50
outliers = 2
file_size = 524288

[Times]

[Times_write]
run0 = 0.957472562789917
run1 = 1.144132137298584
run2 = 1.0127685070037842
run3 = 1.0387897491455078
run4 = 0.8470637798309326
run5 = 0.9764971733093262
run6 = 1.1389658451080322
run7 = 1.1439361572265625
run8 = 0.9578385353088379
run9 = 1.0054023265838623
run10 = 1.011686086654663
run11 = 0.9114589691162109
run12 = 1.1434011459350586
run13 = 1.1350340843200684
run14 = 1.155287504196167
run15 = 1.1456823348999023
run16 = 0.9144377708435059
run17 = 0.8464639186859131
run18 = 0.9111330509185791
run19 = 1.4579315185546875
run20 = 1.201737403869629
run21 = 1.0537440776824951
run22 = 0.9942562580108643
run23 = 0.8683552742004395
run24 = 0.8730833530426025
run25 = 1.0114350318908691
run26 = 0.9692339897155762
run27 = 0.8465769290924072
run28 = 0.9675092697143555
run29 = 0.9589765071868896
run30 = 0.846735954284668
run31 = 0.8464200496673584
run32 = 0.9613361358642578
run33 = 0.9616646766662598
run34 = 1.2352559566497803
run35 = 0.9152350425720215
run36 = 1.1033356189727783
run37 = 1.1327688694000244
run38 = 1.1442928314208984
run39 = 1.1422252655029297
run40 = 1.1439030170440674
run41 = 1.1442723274230957
run42 = 0.9635694026947021
run43 = 1.1070544719696045
run44 = 1.1237099170684814
run45 = 1.144226312637329
run46 = 1.102675199508667
run47 = 1.1604645252227783
run48 = 1.1501545906066895
run49 = 1.0583069324493408

[Times_read]
run0 = 0.7111303806304932
run1 = 0.7788221836090088
run2 = 0.748178243637085
run3 = 0.7085926532745361
run4 = 0.7074360847473145
run5 = 0.7097122669219971
run6 = 0.7789974212646484
run7 = 0.7780296802520752
run8 = 0.7085397243499756
run9 = 0.7091109752655029
run10 = 0.710716724395752
run11 = 0.773484468460083
run12 = 0.7778522968292236
run13 = 0.7777769565582275
run14 = 0.7779538631439209
run15 = 0.7777142524719238
run16 = 0.7097880840301514
run17 = 0.7103540897369385
run18 = 0.7099511623382568
run19 = 0.7075483798980713
run20 = 0.7775733470916748
run21 = 0.7777292728424072
run22 = 0.7204010486602783
run23 = 0.7081799507141113
run24 = 0.7100317478179932
run25 = 0.708463191986084
run26 = 0.7184386253356934
run27 = 0.709665060043335
run28 = 0.7091429233551025
run29 = 0.7094368934631348
run30 = 0.7090904712677002
run31 = 0.7515523433685303
run32 = 0.7081716060638428
run33 = 0.7412657737731934
run34 = 0.835273265838623
run35 = 0.7322652339935303
run36 = 0.777036190032959
run37 = 0.7973768711090088
run38 = 0.7996034622192383
run39 = 0.778184175491333
run40 = 0.8203756809234619
run41 = 0.7773106098175049
run42 = 0.7115416526794434
run43 = 0.7791411876678467
run44 = 0.7774970531463623
run45 = 0.7792356014251709
run46 = 0.7778139114379883
run47 = 0.7775928974151611
run48 = 0.7779974937438965
run49 = 0.9655334949493408

[Average_write]
average = 1.0397579669952393
average_no_outliers = 1.0350738912820816

[Average_read]
average = 0.7518922185897827
average_no_outliers = 0.7483675281206766

