[Meta]
start_time = 1527779683.4759705
uid = pl2.uni-rostock.de
test = writer
rounds = 50
outliers = 2
file_size = 524288

[Times]

[Times_write]
run0 = 0.23742961883544922
run1 = 0.23134994506835938
run2 = 0.23204421997070312
run3 = 0.23667359352111816
run4 = 0.23159170150756836
run5 = 0.23252034187316895
run6 = 0.23598170280456543
run7 = 0.23597002029418945
run8 = 0.2374265193939209
run9 = 0.237349271774292
run10 = 0.23389935493469238
run11 = 0.23583984375
run12 = 0.2364950180053711
run13 = 0.23242664337158203
run14 = 0.23050880432128906
run15 = 0.23619580268859863
run16 = 0.23630595207214355
run17 = 0.23632335662841797
run18 = 0.23480558395385742
run19 = 0.23279929161071777
run20 = 0.23726677894592285
run21 = 0.23839211463928223
run22 = 0.2369704246520996
run23 = 0.23305869102478027
run24 = 0.23147177696228027
run25 = 0.231642484664917
run26 = 0.2314903736114502
run27 = 0.23322653770446777
run28 = 0.23140335083007812
run29 = 0.23408770561218262
run30 = 0.23462510108947754
run31 = 0.23510122299194336
run32 = 0.23188042640686035
run33 = 0.23367667198181152
run34 = 0.23303914070129395
run35 = 0.2308337688446045
run36 = 0.23681139945983887
run37 = 0.23601007461547852
run38 = 0.23653626441955566
run39 = 0.23628973960876465
run40 = 0.23960161209106445
run41 = 0.23657464981079102
run42 = 0.23080778121948242
run43 = 0.1976006031036377
run44 = 0.23929786682128906
run45 = 0.23554539680480957
run46 = 0.2362072467803955
run47 = 0.23337531089782715
run48 = 0.23757028579711914
run49 = 0.2318706512451172

[Times_read]
run0 = 0.18759679794311523
run1 = 0.18626642227172852
run2 = 0.18816709518432617
run3 = 0.19325947761535645
run4 = 0.1911025047302246
run5 = 0.18578791618347168
run6 = 0.18918800354003906
run7 = 0.19047880172729492
run8 = 0.19686603546142578
run9 = 0.19505882263183594
run10 = 0.19133830070495605
run11 = 0.18944382667541504
run12 = 0.19154906272888184
run13 = 0.18933415412902832
run14 = 0.19764161109924316
run15 = 0.19344758987426758
run16 = 0.19164276123046875
run17 = 0.19472312927246094
run18 = 0.18918943405151367
run19 = 0.1909022331237793
run20 = 0.19108867645263672
run21 = 0.18924832344055176
run22 = 0.1917409896850586
run23 = 0.19291996955871582
run24 = 0.19039654731750488
run25 = 0.18703484535217285
run26 = 0.18613529205322266
run27 = 0.19321990013122559
run28 = 0.19503402709960938
run29 = 0.19103074073791504
run30 = 0.18908095359802246
run31 = 0.19096136093139648
run32 = 0.19556736946105957
run33 = 0.19490385055541992
run34 = 0.19644570350646973
run35 = 0.1954023838043213
run36 = 0.19465875625610352
run37 = 0.1928238868713379
run38 = 0.16271710395812988
run39 = 0.19132566452026367
run40 = 0.19099736213684082
run41 = 0.19133687019348145
run42 = 0.14920759201049805
run43 = 0.1901531219482422
run44 = 0.19504785537719727
run45 = 0.19641804695129395
run46 = 0.1930217742919922
run47 = 0.19582509994506836
run48 = 0.1911945343017578
run49 = 0.1949324607849121

[Average_write]
average = 0.23392404079437257
average_no_outliers = 0.23456249634424844

[Average_read]
average = 0.1904571008682251
average_no_outliers = 0.19116678833961487

