[Meta]
start_time = 1527665755.3751059
uid = pl2.uni-rostock.de
test = file size
rounds = 50
outliers = 2
file_size = 512 K

[Times_write]
run0 = 0.7623467445373535
run1 = 1.21462082862854
run2 = 0.8198750019073486
run3 = 0.8192744255065918
run4 = 1.7531421184539795
run5 = 0.787996768951416
run6 = 0.8480322360992432
run7 = 0.8482968807220459
run8 = 0.7831459045410156
run9 = 0.8633856773376465
run10 = 0.8015918731689453
run11 = 1.0523457527160645
run12 = 1.2394847869873047
run13 = 0.8426892757415771
run14 = 1.488278865814209
run15 = 0.8396499156951904
run16 = 0.8171255588531494
run17 = 1.0467681884765625
run18 = 0.8983154296875
run19 = 0.7897741794586182
run20 = 1.0771021842956543
run21 = 0.8184256553649902
run22 = 1.053156852722168
run23 = 1.0559360980987549
run24 = 0.8292496204376221
run25 = 1.8993713855743408
run26 = 2.804720401763916
run27 = 2.2814605236053467
run28 = 1.0199925899505615
run29 = 4.629488706588745
run30 = 1.058976650238037
run31 = 1.069654941558838
run32 = 1.049126148223877
run33 = 1.7446579933166504
run34 = 0.7593166828155518
run35 = 1.0574064254760742
run36 = 0.785198450088501
run37 = 1.0669500827789307
run38 = 0.8136932849884033
run39 = 1.1536788940429688
run40 = 0.842200517654419
run41 = 0.8226447105407715
run42 = 0.8234834671020508
run43 = 0.8131046295166016
run44 = 0.8224658966064453
run45 = 0.8886992931365967
run46 = 0.8121993541717529
run47 = 0.7516260147094727
run48 = 0.8246996402740479
run49 = 1.0453827381134033

[Times_read]
run0 = 0.4172861576080322
run1 = 0.4989433288574219
run2 = 0.4972412586212158
run3 = 0.43643856048583984
run4 = 0.43399834632873535
run5 = 0.3829498291015625
run6 = 0.4316394329071045
run7 = 0.43619275093078613
run8 = 0.5079994201660156
run9 = 0.4633214473724365
run10 = 0.4417276382446289
run11 = 0.8412127494812012
run12 = 0.4221620559692383
run13 = 0.40494608879089355
run14 = 2.4177567958831787
run15 = 0.42595791816711426
run16 = 0.430614709854126
run17 = 0.5162379741668701
run18 = 0.6038973331451416
run19 = 0.4771425724029541
run20 = 0.49468231201171875
run21 = 0.5048947334289551
run22 = 0.5136075019836426
run23 = 0.5090911388397217
run24 = 0.4967820644378662
run25 = 0.49321603775024414
run26 = 0.40140676498413086
run27 = 1.440178632736206
run28 = 0.4941267967224121
run29 = 1.4554650783538818
run30 = 0.500662088394165
run31 = 0.5398497581481934
run32 = 0.5000085830688477
run33 = 0.5602753162384033
run34 = 0.5190260410308838
run35 = 0.5139832496643066
run36 = 0.4131319522857666
run37 = 0.49830174446105957
run38 = 0.43059396743774414
run39 = 0.41980457305908203
run40 = 0.4158897399902344
run41 = 0.41840338706970215
run42 = 0.4190101623535156
run43 = 0.44444966316223145
run44 = 0.4309208393096924
run45 = 0.429079532623291
run46 = 0.4334676265716553
run47 = 0.4297652244567871
run48 = 0.4253091812133789
run49 = 0.57651686668396

[Average_write]
average = 1.115804204940796
average_no_outliers = 1.0501894901196163

[Average_read]
average = 0.5521913385391235
average_no_outliers = 0.5168512562910715

