[Meta]
start_time = 1527617975.321514
uid = pl2.uni-rostock.de
test = writer
rounds = 50
outliers = 2
file_size = 524288

[Times]
run0 = 0.601499080657959
run1 = 0.597191572189331
run2 = 0.5873689651489258
run3 = 0.5916755199432373
run4 = 0.574974536895752
run5 = 0.5937159061431885
run6 = 0.6024692058563232
run7 = 0.594332218170166
run8 = 0.5725626945495605
run9 = 0.5889184474945068
run10 = 0.5855622291564941
run11 = 0.5896849632263184
run12 = 0.5811450481414795
run13 = 0.6615869998931885
run14 = 0.5890142917633057
run15 = 0.6122353076934814
run16 = 0.5808672904968262
run17 = 0.6105446815490723
run18 = 0.5670242309570312
run19 = 0.5923342704772949
run20 = 0.6038768291473389
run21 = 0.5768353939056396
run22 = 0.5806341171264648
run23 = 0.5861356258392334
run24 = 0.5769340991973877
run25 = 0.6157937049865723
run26 = 0.5971715450286865
run27 = 0.6119339466094971
run28 = 0.6015818119049072
run29 = 0.5879673957824707
run30 = 0.6471476554870605
run31 = 0.6744918823242188
run32 = 0.6294271945953369
run33 = 0.5789525508880615
run34 = 0.5968098640441895
run35 = 0.6066925525665283
run36 = 0.6492757797241211
run37 = 0.5967140197753906
run38 = 0.6022350788116455
run39 = 0.5623705387115479
run40 = 0.5917520523071289
run41 = 0.615293025970459
run42 = 0.5790610313415527
run43 = 0.5835812091827393
run44 = 0.6028697490692139
run45 = 0.6166567802429199
run46 = 0.5690948963165283
run47 = 0.575995922088623
run48 = 0.6070172786712646
run49 = 0.5749313831329346

[Average]
average = 0.5974788475036621
average_no_outliers = 0.5966058323780695

