[Meta]
start_time = 1527775611.1315963
uid = pl2.uni-rostock.de
test = file size
rounds = 50
outliers = 2
file_size = 512 K

[Times_write]
run0 = 0.7756514549255371
run1 = 0.7351348400115967
run2 = 0.7644784450531006
run3 = 0.7522332668304443
run4 = 0.7445521354675293
run5 = 0.7424492835998535
run6 = 0.7644801139831543
run7 = 0.7411024570465088
run8 = 0.7244329452514648
run9 = 0.7457444667816162
run10 = 0.7435603141784668
run11 = 0.7739648818969727
run12 = 0.7746951580047607
run13 = 0.7574505805969238
run14 = 0.7705585956573486
run15 = 0.7665739059448242
run16 = 0.7499327659606934
run17 = 0.7663235664367676
run18 = 0.7695729732513428
run19 = 0.7649047374725342
run20 = 0.7315781116485596
run21 = 0.7630283832550049
run22 = 0.7677657604217529
run23 = 0.7293276786804199
run24 = 0.7558975219726562
run25 = 0.750946044921875
run26 = 0.7742056846618652
run27 = 0.7420063018798828
run28 = 0.7420768737792969
run29 = 0.7283294200897217
run30 = 0.7773494720458984
run31 = 0.7585248947143555
run32 = 0.7667660713195801
run33 = 0.7288637161254883
run34 = 0.7881927490234375
run35 = 0.7568328380584717
run36 = 0.7555005550384521
run37 = 0.7694995403289795
run38 = 0.7288587093353271
run39 = 0.7480216026306152
run40 = 0.7491106986999512
run41 = 0.7483119964599609
run42 = 0.7646386623382568
run43 = 0.750267744064331
run44 = 0.7538483142852783
run45 = 0.7490897178649902
run46 = 0.75537109375
run47 = 0.7492892742156982
run48 = 0.7500226497650146
run49 = 0.7260298728942871

[Times_read]
run0 = 0.38381004333496094
run1 = 0.37952232360839844
run2 = 0.3769869804382324
run3 = 0.37480759620666504
run4 = 0.3741447925567627
run5 = 0.37784767150878906
run6 = 0.37892818450927734
run7 = 0.38082289695739746
run8 = 0.3827192783355713
run9 = 0.37769222259521484
run10 = 0.37574052810668945
run11 = 0.37177252769470215
run12 = 0.3748433589935303
run13 = 0.37706589698791504
run14 = 0.37509799003601074
run15 = 0.37500476837158203
run16 = 0.3815648555755615
run17 = 0.3759729862213135
run18 = 0.37748050689697266
run19 = 0.3757920265197754
run20 = 0.37581825256347656
run21 = 0.38029909133911133
run22 = 0.3762946128845215
run23 = 0.37246012687683105
run24 = 0.3750431537628174
run25 = 0.3762812614440918
run26 = 0.37580394744873047
run27 = 0.3749699592590332
run28 = 0.3749513626098633
run29 = 0.37518882751464844
run30 = 0.38187217712402344
run31 = 0.3758234977722168
run32 = 0.37801241874694824
run33 = 0.37394118309020996
run34 = 0.3752906322479248
run35 = 0.3757283687591553
run36 = 0.37929749488830566
run37 = 0.3758504390716553
run38 = 0.3750631809234619
run39 = 0.37427568435668945
run40 = 0.37529706954956055
run41 = 0.37537240982055664
run42 = 0.3770458698272705
run43 = 0.3784792423248291
run44 = 0.37503933906555176
run45 = 0.3776404857635498
run46 = 0.3798823356628418
run47 = 0.37749409675598145
run48 = 0.37793636322021484
run49 = 0.3740208148956299

[Average_write]
average = 0.753746976852417
average_no_outliers = 0.7536400655905405

[Average_read]
average = 0.3767618227005005
average_no_outliers = 0.37671892841657

