[Meta]
start_time = 1527608852.8235674
uid = pl2.uni-rostock.de
test = writer
rounds = 50
outliers = 2
file_size = 524288

[Times]

[Times_write]
run0 = 0.8470356464385986
run1 = 0.8428211212158203
run2 = 0.8438968658447266
run3 = 0.8448817729949951
run4 = 0.8405506610870361
run5 = 0.8437390327453613
run6 = 0.8433148860931396
run7 = 0.8435008525848389
run8 = 0.8436751365661621
run9 = 0.8431222438812256
run10 = 0.8434765338897705
run11 = 0.8440883159637451
run12 = 0.8437986373901367
run13 = 0.8585011959075928
run14 = 0.8458805084228516
run15 = 0.843442440032959
run16 = 0.8434092998504639
run17 = 0.8438992500305176
run18 = 0.8408932685852051
run19 = 0.8112185001373291
run20 = 0.810178279876709
run21 = 0.8097748756408691
run22 = 0.868722677230835
run23 = 0.8439657688140869
run24 = 0.8438248634338379
run25 = 0.8437445163726807
run26 = 0.8437926769256592
run27 = 0.8433022499084473
run28 = 0.8424479961395264
run29 = 0.8437933921813965
run30 = 0.8400242328643799
run31 = 0.808708906173706
run32 = 0.8086106777191162
run33 = 0.8088665008544922
run34 = 0.8115758895874023
run35 = 0.806628942489624
run36 = 0.8083500862121582
run37 = 0.8633828163146973
run38 = 0.8110671043395996
run39 = 0.8086199760437012
run40 = 0.810664176940918
run41 = 0.8112130165100098
run42 = 0.8094019889831543
run43 = 0.8380627632141113
run44 = 0.8083415031433105
run45 = 0.8094799518585205
run46 = 0.8166923522949219
run47 = 0.8098070621490479
run48 = 0.8444614410400391
run49 = 0.8407227993011475

[Times_read]
run0 = 0.1308434009552002
run1 = 0.1325387954711914
run2 = 0.12945342063903809
run3 = 0.12911701202392578
run4 = 0.3305399417877197
run5 = 0.12925291061401367
run6 = 0.33136606216430664
run7 = 0.3309898376464844
run8 = 0.12896418571472168
run9 = 0.12932348251342773
run10 = 0.1293332576751709
run11 = 0.12901926040649414
run12 = 0.12899446487426758
run13 = 0.12900519371032715
run14 = 0.1293630599975586
run15 = 0.12915778160095215
run16 = 0.12892746925354004
run17 = 0.12912225723266602
run18 = 0.3487892150878906
run19 = 0.3303947448730469
run20 = 0.32871508598327637
run21 = 0.33110785484313965
run22 = 0.3289506435394287
run23 = 0.12896251678466797
run24 = 0.12916231155395508
run25 = 0.12910056114196777
run26 = 0.12976574897766113
run27 = 0.12879204750061035
run28 = 0.33350300788879395
run29 = 0.12921786308288574
run30 = 0.3291201591491699
run31 = 0.3285043239593506
run32 = 0.32952117919921875
run33 = 0.329681396484375
run34 = 0.3295559883117676
run35 = 0.3294389247894287
run36 = 0.3300318717956543
run37 = 0.32895827293395996
run38 = 0.3289222717285156
run39 = 0.3288695812225342
run40 = 0.3286287784576416
run41 = 0.3287234306335449
run42 = 0.32903504371643066
run43 = 0.3293018341064453
run44 = 0.3292732238769531
run45 = 0.32857179641723633
run46 = 0.32920360565185547
run47 = 0.329282283782959
run48 = 0.12882757186889648
run49 = 0.3487389087677002

[Average_write]
average = 0.8324675130844116
average_no_outliers = 0.8322505007187525

[Average_read]
average = 0.24227927684783934
average_no_outliers = 0.2424246370792389

