[Meta]
start_time = 1527778118.6932518
uid = pl2.uni-rostock.de
test = file size
rounds = 50
outliers = 2
file_size = 512 K

[Times_write]
run0 = 0.7020642757415771
run1 = 0.7018551826477051
run2 = 0.7301692962646484
run3 = 0.7252891063690186
run4 = 0.7225632667541504
run5 = 0.7204535007476807
run6 = 0.6879534721374512
run7 = 0.726452112197876
run8 = 0.7097592353820801
run9 = 0.7040121555328369
run10 = 0.7061667442321777
run11 = 0.714867115020752
run12 = 0.7160556316375732
run13 = 0.7256085872650146
run14 = 0.7055745124816895
run15 = 0.8017971515655518
run16 = 0.7074823379516602
run17 = 0.7190647125244141
run18 = 0.6977846622467041
run19 = 0.7086639404296875
run20 = 0.7017612457275391
run21 = 0.7182028293609619
run22 = 0.6935453414916992
run23 = 0.7409946918487549
run24 = 0.70041823387146
run25 = 0.7237124443054199
run26 = 0.7248959541320801
run27 = 0.7098023891448975
run28 = 0.7080881595611572
run29 = 0.7425296306610107
run30 = 0.7155122756958008
run31 = 0.7178659439086914
run32 = 0.723231315612793
run33 = 0.705258846282959
run34 = 0.69838547706604
run35 = 0.7235391139984131
run36 = 0.7250525951385498
run37 = 0.7144570350646973
run38 = 0.6925196647644043
run39 = 0.7235045433044434
run40 = 0.7093954086303711
run41 = 0.70359206199646
run42 = 0.7053203582763672
run43 = 0.6891448497772217
run44 = 0.7085545063018799
run45 = 0.6836349964141846
run46 = 0.706139326095581
run47 = 0.710536003112793
run48 = 0.6939506530761719
run49 = 0.7438347339630127

[Times_read]
run0 = 0.40010929107666016
run1 = 0.38541674613952637
run2 = 0.40550756454467773
run3 = 0.41712188720703125
run4 = 0.39994359016418457
run5 = 0.41997337341308594
run6 = 0.3995218276977539
run7 = 0.41631436347961426
run8 = 0.39379358291625977
run9 = 0.41426682472229004
run10 = 0.3902778625488281
run11 = 0.3907923698425293
run12 = 0.39398694038391113
run13 = 0.4031493663787842
run14 = 0.3927733898162842
run15 = 0.3989417552947998
run16 = 0.38594579696655273
run17 = 0.39943599700927734
run18 = 0.3808779716491699
run19 = 0.39641785621643066
run20 = 0.4452641010284424
run21 = 0.39968323707580566
run22 = 0.3974497318267822
run23 = 0.41838932037353516
run24 = 0.3973264694213867
run25 = 0.3965027332305908
run26 = 0.39882683753967285
run27 = 0.40747618675231934
run28 = 0.41932082176208496
run29 = 0.3951148986816406
run30 = 0.4004690647125244
run31 = 0.40755224227905273
run32 = 0.43993568420410156
run33 = 0.3996870517730713
run34 = 0.4156215190887451
run35 = 0.39789652824401855
run36 = 0.40272021293640137
run37 = 0.3896183967590332
run38 = 0.4151756763458252
run39 = 0.3984675407409668
run40 = 0.38696885108947754
run41 = 0.41539597511291504
run42 = 0.3948969841003418
run43 = 0.39647960662841797
run44 = 0.4160740375518799
run45 = 0.41034531593322754
run46 = 0.40085697174072266
run47 = 0.38152575492858887
run48 = 0.3887522220611572
run49 = 0.3839082717895508

[Average_write]
average = 0.7138203525543213
average_no_outliers = 0.7126163641611735

[Average_read]
average = 0.4020454120635986
average_no_outliers = 0.40158601105213165

