[Meta]
start_time = 1527619643.2669046
uid = pl2.uni-rostock.de
test = writer
rounds = 50
outliers = 2
file_size = 524288

[Times]
run0 = 1.2128610610961914
run1 = 1.1754648685455322
run2 = 1.223118543624878
run3 = 1.192028284072876
run4 = 1.2078399658203125
run5 = 1.2020041942596436
run6 = 1.1152114868164062
run7 = 1.1325910091400146
run8 = 1.0979905128479004
run9 = 1.1845695972442627
run10 = 1.2285802364349365
run11 = 1.1300768852233887
run12 = 1.1433441638946533
run13 = 1.0925376415252686
run14 = 1.1307673454284668
run15 = 1.0713632106781006
run16 = 1.2340257167816162
run17 = 1.1079473495483398
run18 = 1.1253736019134521
run19 = 1.2071566581726074
run20 = 1.3421273231506348
run21 = 1.1134777069091797
run22 = 1.2326171398162842
run23 = 1.2292413711547852
run24 = 1.2260594367980957
run25 = 1.2203400135040283
run26 = 1.1810622215270996
run27 = 1.0258510112762451
run28 = 1.0974197387695312
run29 = 1.156383752822876
run30 = 1.1514959335327148
run31 = 1.127509355545044
run32 = 1.2732875347137451
run33 = 1.323150634765625
run34 = 1.4643383026123047
run35 = 1.1598870754241943
run36 = 1.330428123474121
run37 = 1.1977565288543701
run38 = 1.225865364074707
run39 = 1.1326496601104736
run40 = 1.2123873233795166
run41 = 1.1525702476501465
run42 = 1.2272257804870605
run43 = 1.161515712738037
run44 = 1.0791435241699219
run45 = 1.0800833702087402
run46 = 1.1663484573364258
run47 = 1.1801166534423828
run48 = 1.2811610698699951
run49 = 1.2574892044067383

[Average]
average = 1.1844768381118775
average_no_outliers = 1.1819510956605275

