[Meta]
start_time = 1527779373.772122
uid = pl2.uni-rostock.de
test = writer
rounds = 50
outliers = 2
file_size = 524288

[Times]

[Times_write]
run0 = 0.3950192928314209
run1 = 0.4246840476989746
run2 = 0.4189760684967041
run3 = 0.4272947311401367
run4 = 0.43274927139282227
run5 = 0.43324995040893555
run6 = 0.42089104652404785
run7 = 0.4169137477874756
run8 = 0.42982935905456543
run9 = 0.447314977645874
run10 = 0.41415929794311523
run11 = 0.4226863384246826
run12 = 0.41600871086120605
run13 = 0.494429349899292
run14 = 0.41544461250305176
run15 = 0.4232006072998047
run16 = 0.5020241737365723
run17 = 0.42288804054260254
run18 = 0.42075681686401367
run19 = 0.4711160659790039
run20 = 0.41582250595092773
run21 = 0.4161956310272217
run22 = 0.4174926280975342
run23 = 0.47343873977661133
run24 = 0.3414738178253174
run25 = 0.41706299781799316
run26 = 0.45224857330322266
run27 = 0.42124128341674805
run28 = 0.4183778762817383
run29 = 0.4167299270629883
run30 = 0.48517274856567383
run31 = 0.4175877571105957
run32 = 0.42395472526550293
run33 = 0.42772698402404785
run34 = 0.4150981903076172
run35 = 0.41791272163391113
run36 = 0.4852445125579834
run37 = 0.4160950183868408
run38 = 0.4165627956390381
run39 = 0.37630224227905273
run40 = 0.4285702705383301
run41 = 0.4186577796936035
run42 = 0.41585636138916016
run43 = 0.41571688652038574
run44 = 0.4170515537261963
run45 = 0.4150364398956299
run46 = 0.5048789978027344
run47 = 0.42592716217041016
run48 = 0.4255211353302002
run49 = 0.34451723098754883

[Times_read]
run0 = 0.34276771545410156
run1 = 0.3341090679168701
run2 = 0.3338892459869385
run3 = 0.33873987197875977
run4 = 0.3427882194519043
run5 = 0.342418909072876
run6 = 0.3454158306121826
run7 = 0.40131688117980957
run8 = 0.3336808681488037
run9 = 0.33370018005371094
run10 = 0.3344271183013916
run11 = 0.33389854431152344
run12 = 0.33389949798583984
run13 = 0.3344593048095703
run14 = 0.3412761688232422
run15 = 0.33721017837524414
run16 = 0.34148335456848145
run17 = 0.34577107429504395
run18 = 0.33703160285949707
run19 = 0.34087204933166504
run20 = 0.3355677127838135
run21 = 0.36989307403564453
run22 = 0.33420252799987793
run23 = 0.40167737007141113
run24 = 0.29276275634765625
run25 = 0.336651086807251
run26 = 0.33477187156677246
run27 = 0.33350205421447754
run28 = 0.3347301483154297
run29 = 0.3348419666290283
run30 = 0.3474147319793701
run31 = 0.33623600006103516
run32 = 0.3344383239746094
run33 = 0.33456850051879883
run34 = 0.3343932628631592
run35 = 0.3352317810058594
run36 = 0.33951616287231445
run37 = 0.35691022872924805
run38 = 0.33577919006347656
run39 = 0.3448193073272705
run40 = 0.3348824977874756
run41 = 0.3361971378326416
run42 = 0.33638906478881836
run43 = 0.34126758575439453
run44 = 0.34716200828552246
run45 = 0.3339266777038574
run46 = 0.36344146728515625
run47 = 0.33751797676086426
run48 = 0.28066301345825195
run49 = 0.3374745845794678

[Average_write]
average = 0.4266622400283813
average_no_outliers = 0.4268074830373128

[Average_read]
average = 0.3397197151184082
average_no_outliers = 0.3396592785914739

