[Meta]
start_time = 1527764141.7484555
uid = pl2.uni-rostock.de
test = file size
rounds = 50
outliers = 2
file_size = 512 K

[Times_write]
run0 = 0.7406735420227051
run1 = 0.6452600955963135
run2 = 0.6585156917572021
run3 = 0.6604316234588623
run4 = 0.6463217735290527
run5 = 0.6789586544036865
run6 = 0.678135871887207
run7 = 0.7295362949371338
run8 = 0.6668589115142822
run9 = 0.7319056987762451
run10 = 0.6605021953582764
run11 = 0.6534271240234375
run12 = 0.6406769752502441
run13 = 0.6444864273071289
run14 = 0.6772415637969971
run15 = 0.6701638698577881
run16 = 0.6811754703521729
run17 = 0.7526392936706543
run18 = 0.6823880672454834
run19 = 0.6695754528045654
run20 = 0.6459455490112305
run21 = 0.6428768634796143
run22 = 0.670896053314209
run23 = 0.6536121368408203
run24 = 0.6910552978515625
run25 = 0.6808676719665527
run26 = 0.6951377391815186
run27 = 0.6503744125366211
run28 = 0.6867027282714844
run29 = 0.6798365116119385
run30 = 0.705014705657959
run31 = 0.6527678966522217
run32 = 0.6954004764556885
run33 = 0.669959545135498
run34 = 0.6516587734222412
run35 = 0.6740458011627197
run36 = 0.678626537322998
run37 = 0.6507368087768555
run38 = 0.6545283794403076
run39 = 0.6461410522460938
run40 = 0.6986806392669678
run41 = 0.6850802898406982
run42 = 0.6837525367736816
run43 = 0.6596114635467529
run44 = 0.6734507083892822
run45 = 0.6415836811065674
run46 = 0.6571078300476074
run47 = 0.6509842872619629
run48 = 0.6485593318939209
run49 = 0.6389343738555908

[Times_read]
run0 = 0.4945652484893799
run1 = 0.4904594421386719
run2 = 0.6032729148864746
run3 = 0.4954214096069336
run4 = 0.560417890548706
run5 = 0.48841309547424316
run6 = 0.5087094306945801
run7 = 0.5297229290008545
run8 = 0.5726621150970459
run9 = 0.5258638858795166
run10 = 0.5056884288787842
run11 = 0.5637228488922119
run12 = 0.5704104900360107
run13 = 0.5723159313201904
run14 = 0.5277256965637207
run15 = 0.572425365447998
run16 = 0.5301246643066406
run17 = 0.5168056488037109
run18 = 0.5348305702209473
run19 = 0.5171933174133301
run20 = 0.5687441825866699
run21 = 0.565091609954834
run22 = 0.5502078533172607
run23 = 0.5591681003570557
run24 = 0.5165143013000488
run25 = 0.5458788871765137
run26 = 0.5196731090545654
run27 = 0.5577561855316162
run28 = 0.5471735000610352
run29 = 0.5539393424987793
run30 = 0.5112216472625732
run31 = 0.5802867412567139
run32 = 0.5536282062530518
run33 = 0.5568299293518066
run34 = 0.5452446937561035
run35 = 0.533705472946167
run36 = 0.49692749977111816
run37 = 0.4888455867767334
run38 = 0.5571777820587158
run39 = 0.5532763004302979
run40 = 0.5201315879821777
run41 = 0.5730938911437988
run42 = 0.568429708480835
run43 = 0.557570219039917
run44 = 0.5416343212127686
run45 = 0.49570560455322266
run46 = 0.5699241161346436
run47 = 0.563915491104126
run48 = 0.5848391056060791
run49 = 0.5654277801513672

[Average_write]
average = 0.6716560935974121
average_no_outliers = 0.6706506460905075

[Average_read]
average = 0.541654281616211
average_no_outliers = 0.5414797514677048

