[Meta]
start_time = 1527664240.5848901
uid = pl2.uni-rostock.de
test = file size
rounds = 50
outliers = 2
file_size = 512 K

[Times_write]
run0 = 0.949756383895874
run1 = 0.8798060417175293
run2 = 1.2620282173156738
run3 = 1.17295241355896
run4 = 1.0706994533538818
run5 = 1.0929126739501953
run6 = 1.2947087287902832
run7 = 0.9025611877441406
run8 = 0.9159233570098877
run9 = 0.8841865062713623
run10 = 1.064497470855713
run11 = 1.2724595069885254
run12 = 0.9154341220855713
run13 = 1.2830557823181152
run14 = 0.8719470500946045
run15 = 0.8937475681304932
run16 = 0.918332576751709
run17 = 0.971625804901123
run18 = 0.9547863006591797
run19 = 0.9150609970092773
run20 = 0.8952381610870361
run21 = 0.883105993270874
run22 = 0.9010803699493408
run23 = 0.931058406829834
run24 = 0.909287691116333
run25 = 2.6709442138671875
run26 = 0.9137606620788574
run27 = 0.9110524654388428
run28 = 0.9790246486663818
run29 = 0.9277474880218506
run30 = 1.0702259540557861
run31 = 1.0790231227874756
run32 = 0.9331698417663574
run33 = 0.9717249870300293
run34 = 2.4843838214874268
run35 = 0.8668365478515625
run36 = 0.9371256828308105
run37 = 0.9032940864562988
run38 = 0.9215559959411621
run39 = 0.7870759963989258
run40 = 0.8685317039489746
run41 = 0.7290151119232178
run42 = 0.8115320205688477
run43 = 0.7700583934783936
run44 = 0.8678750991821289
run45 = 1.0238633155822754
run46 = 0.9997327327728271
run47 = 0.8818917274475098
run48 = 1.0745015144348145
run49 = 0.9499258995056152

[Times_read]
run0 = 0.46582984924316406
run1 = 0.4205663204193115
run2 = 0.5658462047576904
run3 = 0.5433933734893799
run4 = 0.8143422603607178
run5 = 0.6294753551483154
run6 = 0.5620193481445312
run7 = 0.6755902767181396
run8 = 0.5697445869445801
run9 = 0.6254327297210693
run10 = 0.5892596244812012
run11 = 0.5628209114074707
run12 = 0.5684702396392822
run13 = 0.5755243301391602
run14 = 0.5926501750946045
run15 = 0.570340633392334
run16 = 0.6070265769958496
run17 = 0.5685174465179443
run18 = 0.5687763690948486
run19 = 0.6087284088134766
run20 = 0.5683045387268066
run21 = 0.575404167175293
run22 = 0.5658226013183594
run23 = 0.5767314434051514
run24 = 0.5850598812103271
run25 = 0.5601310729980469
run26 = 0.6073849201202393
run27 = 0.6000854969024658
run28 = 0.6371934413909912
run29 = 0.5906651020050049
run30 = 0.6149075031280518
run31 = 0.618389368057251
run32 = 0.6013858318328857
run33 = 0.6250145435333252
run34 = 0.5706474781036377
run35 = 0.612788200378418
run36 = 0.5870184898376465
run37 = 0.6270401477813721
run38 = 0.465928316116333
run39 = 0.4614746570587158
run40 = 0.5841584205627441
run41 = 0.4218714237213135
run42 = 0.41246652603149414
run43 = 0.4780097007751465
run44 = 0.784980058670044
run45 = 0.5842680931091309
run46 = 0.5889623165130615
run47 = 0.5861556529998779
run48 = 0.5650358200073242
run49 = 0.5699706077575684

[Average_write]
average = 1.0268025159835816
average_no_outliers = 0.9987534681955973

[Average_read]
average = 0.578232216835022
average_no_outliers = 0.5767667094866434

