[Meta]
start_time = 1527763816.0593436
uid = pl2.uni-rostock.de
test = file size
rounds = 50
outliers = 2
file_size = 512 K

[Times_write]
run0 = 0.5150654315948486
run1 = 0.5069923400878906
run2 = 0.5387725830078125
run3 = 0.5036351680755615
run4 = 0.491227388381958
run5 = 0.5069940090179443
run6 = 0.4616994857788086
run7 = 0.4575989246368408
run8 = 0.5289440155029297
run9 = 0.465656042098999
run10 = 0.49399423599243164
run11 = 0.5390639305114746
run12 = 0.4585444927215576
run13 = 0.48684215545654297
run14 = 0.4624025821685791
run15 = 0.5035240650177002
run16 = 0.4951004981994629
run17 = 0.5051491260528564
run18 = 0.535459041595459
run19 = 0.4705471992492676
run20 = 0.4681580066680908
run21 = 0.46419286727905273
run22 = 0.4894678592681885
run23 = 0.5026023387908936
run24 = 0.532806396484375
run25 = 0.4699370861053467
run26 = 0.49860477447509766
run27 = 0.48422813415527344
run28 = 0.49852967262268066
run29 = 0.5308239459991455
run30 = 0.49125242233276367
run31 = 0.5008347034454346
run32 = 0.48088884353637695
run33 = 0.4891078472137451
run34 = 0.5286352634429932
run35 = 0.492534875869751
run36 = 0.46559929847717285
run37 = 0.4605824947357178
run38 = 0.4556722640991211
run39 = 0.493955135345459
run40 = 0.45694422721862793
run41 = 0.4989614486694336
run42 = 0.46097230911254883
run43 = 0.46144533157348633
run44 = 0.5072574615478516
run45 = 0.5264980792999268
run46 = 0.535104513168335
run47 = 0.4669950008392334
run48 = 0.49628376960754395
run49 = 0.5260918140411377

[Times_read]
run0 = 0.3240954875946045
run1 = 0.3290977478027344
run2 = 0.3350644111633301
run3 = 0.3225231170654297
run4 = 0.3303046226501465
run5 = 0.3179948329925537
run6 = 0.3282639980316162
run7 = 0.3292508125305176
run8 = 0.29845142364501953
run9 = 0.3325660228729248
run10 = 0.2904548645019531
run11 = 0.28853940963745117
run12 = 0.32397913932800293
run13 = 0.30075979232788086
run14 = 0.30835556983947754
run15 = 0.3266575336456299
run16 = 0.32492518424987793
run17 = 0.31304192543029785
run18 = 0.3294203281402588
run19 = 0.313366174697876
run20 = 0.330294132232666
run21 = 0.3280754089355469
run22 = 0.29686665534973145
run23 = 0.32791566848754883
run24 = 0.3318355083465576
run25 = 0.2903885841369629
run26 = 0.2884979248046875
run27 = 0.2986874580383301
run28 = 0.32408928871154785
run29 = 0.3328979015350342
run30 = 0.341583251953125
run31 = 0.32527756690979004
run32 = 0.2868785858154297
run33 = 0.2920236587524414
run34 = 0.3291616439819336
run35 = 0.3565230369567871
run36 = 0.3234574794769287
run37 = 0.2909660339355469
run38 = 0.3154597282409668
run39 = 0.3614058494567871
run40 = 0.2934446334838867
run41 = 0.3306429386138916
run42 = 0.3292117118835449
run43 = 0.32392120361328125
run44 = 0.30145740509033203
run45 = 0.295626163482666
run46 = 0.29425573348999023
run47 = 0.33055615425109863
run48 = 0.30758094787597656
run49 = 0.30799341201782227

[Average_write]
average = 0.4932436180114746
average_no_outliers = 0.4930717647075653

[Average_read]
average = 0.31708176136016847
average_no_outliers = 0.3167875756820043

