[Meta]
start_time = 1527760454.0011294
uid = pl2.uni-rostock.de
test = file size
rounds = 50
outliers = 2
file_size = 512 K

[Times_write]
run0 = 0.7397379875183105
run1 = 0.7211093902587891
run2 = 0.7102363109588623
run3 = 0.6853740215301514
run4 = 0.7159042358398438
run5 = 0.7189614772796631
run6 = 0.7160158157348633
run7 = 0.7300577163696289
run8 = 0.6964945793151855
run9 = 0.7235367298126221
run10 = 0.7233431339263916
run11 = 0.7167785167694092
run12 = 0.6909294128417969
run13 = 0.7158606052398682
run14 = 0.7089340686798096
run15 = 0.7243890762329102
run16 = 0.6913433074951172
run17 = 0.7269198894500732
run18 = 0.7215156555175781
run19 = 0.688154935836792
run20 = 0.7107260227203369
run21 = 0.731290340423584
run22 = 0.7047848701477051
run23 = 0.700458288192749
run24 = 0.6931338310241699
run25 = 0.7071487903594971
run26 = 0.7098965644836426
run27 = 0.6891989707946777
run28 = 0.6883792877197266
run29 = 0.7130148410797119
run30 = 0.7057249546051025
run31 = 0.7032544612884521
run32 = 0.7029387950897217
run33 = 0.7314903736114502
run34 = 0.7140254974365234
run35 = 0.6864922046661377
run36 = 0.6939458847045898
run37 = 0.695544958114624
run38 = 0.7188024520874023
run39 = 0.6982667446136475
run40 = 0.7024869918823242
run41 = 0.7066695690155029
run42 = 0.685828685760498
run43 = 0.6844403743743896
run44 = 0.6918394565582275
run45 = 0.7208385467529297
run46 = 0.7165491580963135
run47 = 0.6942093372344971
run48 = 0.7382838726043701
run49 = 0.7174825668334961

[Times_read]
run0 = 0.37743449211120605
run1 = 0.3792097568511963
run2 = 0.3790309429168701
run3 = 0.38075923919677734
run4 = 0.3791038990020752
run5 = 0.3781745433807373
run6 = 0.375502347946167
run7 = 0.3827676773071289
run8 = 0.38147473335266113
run9 = 0.3753812313079834
run10 = 0.38211870193481445
run11 = 0.3759877681732178
run12 = 0.37597155570983887
run13 = 0.3779609203338623
run14 = 0.375713586807251
run15 = 0.3782615661621094
run16 = 0.3791670799255371
run17 = 0.37616753578186035
run18 = 0.37801241874694824
run19 = 0.3750779628753662
run20 = 0.37611889839172363
run21 = 0.3747134208679199
run22 = 0.37703561782836914
run23 = 0.3753235340118408
run24 = 0.3855009078979492
run25 = 0.37676000595092773
run26 = 0.3774378299713135
run27 = 0.3767538070678711
run28 = 0.3758816719055176
run29 = 0.3763439655303955
run30 = 0.37772250175476074
run31 = 0.3784146308898926
run32 = 0.37436771392822266
run33 = 0.37531590461730957
run34 = 0.3762671947479248
run35 = 0.37587404251098633
run36 = 0.37357020378112793
run37 = 0.37606334686279297
run38 = 0.3771977424621582
run39 = 0.3763563632965088
run40 = 0.3741307258605957
run41 = 0.3756980895996094
run42 = 0.3766791820526123
run43 = 0.37729668617248535
run44 = 0.3770108222961426
run45 = 0.37886500358581543
run46 = 0.39893555641174316
run47 = 0.3783731460571289
run48 = 0.3790426254272461
run49 = 0.3746654987335205

[Average_write]
average = 0.7084548711776734
average_no_outliers = 0.7083034416039785

[Average_read]
average = 0.3777398920059204
average_no_outliers = 0.3773851841688156

