[Meta]
start_time = 1527777580.089645
uid = pl2.uni-rostock.de
test = file size
rounds = 50
outliers = 2
file_size = 512 K

[Times_write]
run0 = 0.7407128810882568
run1 = 0.6725649833679199
run2 = 0.6545512676239014
run3 = 0.6831202507019043
run4 = 0.6960878372192383
run5 = 0.6433510780334473
run6 = 0.630892276763916
run7 = 0.649207353591919
run8 = 0.7236263751983643
run9 = 0.7473897933959961
run10 = 0.6853070259094238
run11 = 0.6622390747070312
run12 = 0.6468205451965332
run13 = 0.7026355266571045
run14 = 0.6418139934539795
run15 = 0.6453690528869629
run16 = 0.648662805557251
run17 = 0.698455810546875
run18 = 0.6649632453918457
run19 = 0.6743535995483398
run20 = 0.6555454730987549
run21 = 0.6658833026885986
run22 = 0.6485295295715332
run23 = 0.6752793788909912
run24 = 0.6871883869171143
run25 = 0.6508350372314453
run26 = 0.6670482158660889
run27 = 0.6508214473724365
run28 = 0.7441444396972656
run29 = 0.6535913944244385
run30 = 0.6532399654388428
run31 = 0.6493394374847412
run32 = 0.6535139083862305
run33 = 0.7018568515777588
run34 = 0.6527636051177979
run35 = 0.6425342559814453
run36 = 0.6606225967407227
run37 = 0.7295513153076172
run38 = 0.6467185020446777
run39 = 0.666128396987915
run40 = 0.7075273990631104
run41 = 0.6681380271911621
run42 = 0.6479361057281494
run43 = 0.6971092224121094
run44 = 0.6437406539916992
run45 = 0.6816871166229248
run46 = 0.7029180526733398
run47 = 0.6503803730010986
run48 = 0.6533355712890625
run49 = 0.6820805072784424

[Times_read]
run0 = 0.5617151260375977
run1 = 0.4964628219604492
run2 = 0.5879819393157959
run3 = 0.5220370292663574
run4 = 0.46649956703186035
run5 = 0.6183531284332275
run6 = 0.5711948871612549
run7 = 0.5666639804840088
run8 = 0.5706555843353271
run9 = 0.5584723949432373
run10 = 0.5500686168670654
run11 = 0.49655866622924805
run12 = 0.5556132793426514
run13 = 0.5325403213500977
run14 = 0.58544921875
run15 = 0.48500657081604004
run16 = 0.49326419830322266
run17 = 0.5515716075897217
run18 = 0.5751349925994873
run19 = 0.5882439613342285
run20 = 0.5566248893737793
run21 = 0.5584540367126465
run22 = 0.550783634185791
run23 = 0.48415231704711914
run24 = 0.6337652206420898
run25 = 0.5597696304321289
run26 = 0.5441322326660156
run27 = 0.5438282489776611
run28 = 0.5634515285491943
run29 = 0.5894169807434082
run30 = 0.530585527420044
run31 = 0.562061071395874
run32 = 0.5380022525787354
run33 = 0.5965914726257324
run34 = 0.5418961048126221
run35 = 0.49101972579956055
run36 = 0.5548818111419678
run37 = 0.5282318592071533
run38 = 0.5608363151550293
run39 = 0.5120139122009277
run40 = 0.481442928314209
run41 = 0.578603982925415
run42 = 0.48882102966308594
run43 = 0.5124490261077881
run44 = 0.48818397521972656
run45 = 0.5671727657318115
run46 = 0.5571689605712891
run47 = 0.48476076126098633
run48 = 0.5555810928344727
run49 = 0.5908544063568115

[Average_write]
average = 0.6720422649383545
average_no_outliers = 0.6713298161824545

[Average_read]
average = 0.5447805118560791
average_no_outliers = 0.5445575167735418

