[Meta]
start_time = 1527777866.935937
uid = pl2.uni-rostock.de
test = file size
rounds = 50
outliers = 2
file_size = 512 K

[Times_write]
run0 = 0.540172815322876
run1 = 0.5284442901611328
run2 = 0.49108147621154785
run3 = 0.5297122001647949
run4 = 0.4635019302368164
run5 = 0.492891788482666
run6 = 0.4826529026031494
run7 = 0.493391752243042
run8 = 0.5047192573547363
run9 = 0.5443353652954102
run10 = 0.4619791507720947
run11 = 0.49643421173095703
run12 = 0.5268998146057129
run13 = 0.4958019256591797
run14 = 0.4927101135253906
run15 = 0.5500195026397705
run16 = 0.5317783355712891
run17 = 0.4936988353729248
run18 = 0.5040919780731201
run19 = 0.4929635524749756
run20 = 0.5914652347564697
run21 = 0.5182437896728516
run22 = 0.46428561210632324
run23 = 0.497791051864624
run24 = 0.4993245601654053
run25 = 0.6842339038848877
run26 = 0.4921607971191406
run27 = 0.5220949649810791
run28 = 0.4865236282348633
run29 = 0.5042595863342285
run30 = 0.48867344856262207
run31 = 0.5290188789367676
run32 = 0.4850175380706787
run33 = 0.5320723056793213
run34 = 0.5654542446136475
run35 = 0.45941591262817383
run36 = 0.4686572551727295
run37 = 0.4970717430114746
run38 = 0.5252017974853516
run39 = 0.49775266647338867
run40 = 0.49357080459594727
run41 = 0.45716071128845215
run42 = 0.49456071853637695
run43 = 0.45792269706726074
run44 = 0.45993709564208984
run45 = 0.4884817600250244
run46 = 0.46538591384887695
run47 = 0.4909541606903076
run48 = 0.5246446132659912
run49 = 0.489520788192749

[Times_read]
run0 = 0.3342459201812744
run1 = 0.3246488571166992
run2 = 0.3315424919128418
run3 = 0.31603002548217773
run4 = 0.3203699588775635
run5 = 0.2922213077545166
run6 = 0.3246164321899414
run7 = 0.34772396087646484
run8 = 0.32578301429748535
run9 = 0.32473111152648926
run10 = 0.32605600357055664
run11 = 0.33272624015808105
run12 = 0.323866605758667
run13 = 0.32664966583251953
run14 = 0.32439184188842773
run15 = 0.3131985664367676
run16 = 0.3344991207122803
run17 = 0.3696579933166504
run18 = 0.3247859477996826
run19 = 0.333101749420166
run20 = 0.32411766052246094
run21 = 0.3224756717681885
run22 = 0.35271501541137695
run23 = 0.33016109466552734
run24 = 0.32517266273498535
run25 = 0.33446645736694336
run26 = 0.3023386001586914
run27 = 0.3647451400756836
run28 = 0.32207250595092773
run29 = 0.32323598861694336
run30 = 0.29416751861572266
run31 = 0.31028199195861816
run32 = 0.3231313228607178
run33 = 0.327775239944458
run34 = 0.3306558132171631
run35 = 0.31738734245300293
run36 = 0.3250861167907715
run37 = 0.3304920196533203
run38 = 0.29024505615234375
run39 = 0.3244199752807617
run40 = 0.325059175491333
run41 = 0.34481191635131836
run42 = 0.3246588706970215
run43 = 0.32595181465148926
run44 = 0.331740140914917
run45 = 0.3211679458618164
run46 = 0.31435322761535645
run47 = 0.32221102714538574
run48 = 0.32849574089050293
run49 = 0.32393765449523926

[Average_write]
average = 0.5049627876281738
average_no_outliers = 0.5022238492965698

[Average_read]
average = 0.3257675504684448
average_no_outliers = 0.3255932182073593

